[2026-07-07 21:18:45] info: 🚀 Server running on http://localhost:5000
[2026-07-07 21:18:45] info: 📡 Environment: development
[2026-07-07 21:18:45] info: 🔗 API URL: http://localhost:5000/api
[2026-07-07 21:18:45] info: 🌐 Frontend: http://localhost:5000
[2026-07-07 21:18:45] error: ❌ Database connection error:
[2026-07-07 21:21:42] info: 🚀 Server running on http://localhost:5000
[2026-07-07 21:21:42] info: 📡 Environment: development
[2026-07-07 21:21:42] info: 🔗 API URL: http://localhost:5000/api
[2026-07-07 21:21:42] info: 🌐 Frontend: http://localhost:5000
[2026-07-07 21:21:42] error: ❌ Database connection error:
[2026-07-07 21:22:03] info: 🚀 Server running on http://localhost:5000
[2026-07-07 21:22:03] info: 📡 Environment: development
[2026-07-07 21:22:03] info: 🔗 API URL: http://localhost:5000/api
[2026-07-07 21:22:03] info: 🌐 Frontend: http://localhost:5000
[2026-07-07 21:22:03] error: ❌ Database connection error:
[2026-07-07 21:44:08] info: 🚀 Server running on http://localhost:5000
[2026-07-07 21:44:08] info: 📡 Environment: development
[2026-07-07 21:44:08] info: 🔗 API URL: http://localhost:5000/api
[2026-07-07 21:44:08] info: 🌐 Frontend: http://localhost:5000
[2026-07-07 21:44:08] error: ❌ Database connection error:
[2026-07-07 21:44:32] info: 🚀 Server running on http://localhost:5000
[2026-07-07 21:44:32] info: 📡 Environment: development
[2026-07-07 21:44:32] info: 🔗 API URL: http://localhost:5000/api
[2026-07-07 21:44:32] info: 🌐 Frontend: http://localhost:5000
[2026-07-07 21:44:32] error: ❌ Database connection error:
[2026-07-07 21:48:59] info: 🚀 Server running on http://localhost:5000
[2026-07-07 21:48:59] info: 📡 Environment: development
[2026-07-07 21:48:59] info: 🔗 API URL: http://localhost:5000/api
[2026-07-07 21:48:59] info: 🌐 Frontend: http://localhost:5000
[2026-07-07 21:48:59] error: ❌ Database connection error:
[2026-07-07 21:49:19] info: 🚀 Server running on http://localhost:5000
[2026-07-07 21:49:19] info: 📡 Environment: development
[2026-07-07 21:49:19] info: 🔗 API URL: http://localhost:5000/api
[2026-07-07 21:49:19] info: 🌐 Frontend: http://localhost:5000
[2026-07-07 21:49:19] error: ❌ Database connection error:
[2026-07-07 21:58:36] info: 🚀 Server running on http://localhost:5000
[2026-07-07 21:58:36] info: 📡 Environment: development
[2026-07-07 21:58:36] info: 🔗 API URL: http://localhost:5000/api
[2026-07-07 21:58:36] info: 🌐 Frontend: http://localhost:5000
[2026-07-07 21:58:36] error: ❌ Database connection error:
[2026-07-07 21:58:49] info: 🚀 Server running on http://localhost:5000
[2026-07-07 21:58:49] info: 📡 Environment: development
[2026-07-07 21:58:49] info: 🔗 API URL: http://localhost:5000/api
[2026-07-07 21:58:49] info: 🌐 Frontend: http://localhost:5000
[2026-07-07 21:58:49] error: ❌ Database connection error:
[2026-07-07 21:59:23] info: 🚀 Server running on http://localhost:5000
[2026-07-07 21:59:23] info: 📡 Environment: development
[2026-07-07 21:59:23] info: 🔗 API URL: http://localhost:5000/api
[2026-07-07 21:59:23] info: 🌐 Frontend: http://localhost:5000
[2026-07-07 21:59:23] error: ❌ Database connection error:
[2026-07-07 21:59:40] info: 🚀 Server running on http://localhost:5000
[2026-07-07 21:59:40] info: 📡 Environment: development
[2026-07-07 21:59:40] info: 🔗 API URL: http://localhost:5000/api
[2026-07-07 21:59:40] info: 🌐 Frontend: http://localhost:5000
[2026-07-07 21:59:40] error: ❌ Database connection error:
[2026-07-07 22:14:58] info: 🚀 Server running on http://localhost:5000
[2026-07-07 22:14:58] info: 📡 Environment: development
[2026-07-07 22:14:58] info: 🔗 API URL: http://localhost:5000/api
[2026-07-07 22:14:58] info: 🌐 Frontend: http://localhost:5000
[2026-07-07 22:14:58] error: ❌ Database connection error:
[2026-07-07 22:15:16] info: 🚀 Server running on http://localhost:5000
[2026-07-07 22:15:16] info: 📡 Environment: development
[2026-07-07 22:15:16] info: 🔗 API URL: http://localhost:5000/api
[2026-07-07 22:15:16] info: 🌐 Frontend: http://localhost:5000
[2026-07-07 22:15:16] error: ❌ Database connection error:
[2026-07-07 22:23:01] info: 🚀 Server running on http://localhost:5000
[2026-07-07 22:23:01] info: 📡 Environment: development
[2026-07-07 22:23:01] info: 🔗 API URL: http://localhost:5000/api
[2026-07-07 22:23:01] info: 🌐 Frontend: http://localhost:5000
[2026-07-07 22:23:01] error: ❌ Database connection error:
[2026-07-07 22:23:23] info: 🚀 Server running on http://localhost:5000
[2026-07-07 22:23:23] info: 📡 Environment: development
[2026-07-07 22:23:23] info: 🔗 API URL: http://localhost:5000/api
[2026-07-07 22:23:23] info: 🌐 Frontend: http://localhost:5000
[2026-07-07 22:23:23] error: ❌ Database connection error:
[2026-07-07 22:23:36] info: 🚀 Server running on http://localhost:5000
[2026-07-07 22:23:36] info: 📡 Environment: development
[2026-07-07 22:23:36] info: 🔗 API URL: http://localhost:5000/api
[2026-07-07 22:23:36] info: 🌐 Frontend: http://localhost:5000
[2026-07-07 22:23:36] error: ❌ Database connection error:
[2026-07-07 22:25:58] info: 🚀 Server running on http://localhost:5000
[2026-07-07 22:25:58] info: 📡 Environment: development
[2026-07-07 22:25:58] info: 🔗 API URL: http://localhost:5000/api
[2026-07-07 22:25:58] info: 🌐 Frontend: http://localhost:5000
[2026-07-07 22:25:58] error: ❌ Database connection error:
[2026-07-07 22:26:37] info: 🚀 Server running on http://localhost:5000
[2026-07-07 22:26:37] info: 📡 Environment: development
[2026-07-07 22:26:37] info: 🔗 API URL: http://localhost:5000/api
[2026-07-07 22:26:37] info: 🌐 Frontend: http://localhost:5000
[2026-07-07 22:26:37] error: ❌ Database connection error:
[2026-07-07 22:32:44] info: 🚀 Server running on http://localhost:5000
[2026-07-07 22:32:44] info: ✅ PostgreSQL database connected successfully
[2026-07-07 22:33:09] info: 🚀 Server running on http://localhost:5000
[2026-07-07 22:33:09] info: ✅ PostgreSQL database connected successfully
[2026-07-07 22:33:37] info: 🚀 Server running on http://localhost:5000
[2026-07-07 22:33:37] info: ✅ PostgreSQL database connected successfully
[2026-07-07 22:33:42] info: 🚀 Server running on http://localhost:5000
[2026-07-07 22:33:42] info: ✅ PostgreSQL database connected successfully
[2026-07-07 22:34:12] info: 🚀 Server running on http://localhost:5000
[2026-07-07 22:34:12] info: ✅ PostgreSQL database connected successfully
[2026-07-07 22:51:51] info: 🚀 Server running on http://localhost:5000
[2026-07-07 22:51:51] info: ✅ PostgreSQL database connected successfully
[2026-07-07 22:52:16] info: 🚀 Server running on http://localhost:5000
[2026-07-07 22:52:17] info: ✅ PostgreSQL database connected successfully
[2026-07-08 09:31:06] info: 🚀 Server running on http://localhost:5000
[2026-07-08 09:31:07] info: ✅ PostgreSQL database connected successfully
[2026-07-08 09:36:26] info: 🚀 Server running on http://localhost:5000
[2026-07-08 09:36:26] info: ✅ PostgreSQL database connected successfully
[2026-07-08 09:37:17] info: 🚀 Server running on http://localhost:5000
[2026-07-08 09:37:17] info: ✅ PostgreSQL database connected successfully
[2026-07-08 09:38:07] info: User created: caleb (kalebmitiku55@gmail.com)
[2026-07-08 09:38:07] info: User registered: caleb (kalebmitiku55@gmail.com)
[2026-07-08 09:38:08] debug: User caleb (1) authenticated
[2026-07-08 09:38:08] debug: User caleb (1) authenticated
[2026-07-08 09:43:23] debug: User caleb (1) authenticated
[2026-07-08 09:43:40] debug: User caleb (1) authenticated
[2026-07-08 09:44:11] debug: User caleb (1) authenticated
[2026-07-08 09:44:11] info: Trade created: XAUUSD for user 1
[2026-07-08 09:44:12] info: Screenshot added to trade 1
[2026-07-08 09:44:12] info: Trade created: XAUUSD by user caleb
[2026-07-08 09:44:18] debug: User caleb (1) authenticated
[2026-07-08 09:44:18] debug: User caleb (1) authenticated
[2026-07-08 09:47:44] debug: User caleb (1) authenticated
[2026-07-08 09:51:17] info: 🚀 Server running on http://localhost:5000
[2026-07-08 09:51:17] info: ✅ PostgreSQL database connected successfully
[2026-07-08 09:52:56] debug: User caleb (1) authenticated
[2026-07-08 09:52:56] info: Trade created: NASDAQ for user 1
[2026-07-08 09:52:56] info: Trade created: NASDAQ by user caleb
[2026-07-08 09:52:58] debug: User caleb (1) authenticated
[2026-07-08 09:52:58] debug: User caleb (1) authenticated
[2026-07-08 10:57:30] info: 🚀 Server running on http://localhost:5000
[2026-07-08 10:57:30] error: ❌ Database connection error:
[2026-07-08 10:58:52] info: 🚀 Server running on http://localhost:5000
[2026-07-08 10:58:52] error: ❌ Database connection error:
[2026-07-08 11:01:05] info: 🚀 Server running on http://localhost:5000
[2026-07-08 11:01:05] error: ❌ Database connection error:
[2026-07-08 11:01:09] info: 🚀 Server running on http://localhost:5000
[2026-07-08 11:01:09] error: ❌ Database connection error:
[2026-07-08 11:01:27] info: 🚀 Server running on http://localhost:5000
[2026-07-08 11:01:27] error: ❌ Database connection error:
[2026-07-08 11:02:17] info: 🚀 Server running on http://localhost:5000
[2026-07-08 11:02:17] error: ❌ Database connection error:
[2026-07-08 11:02:20] info: 🚀 Server running on http://localhost:5000
[2026-07-08 11:02:21] error: ❌ Database connection error:
[2026-07-08 11:02:35] info: 🚀 Server running on http://localhost:5000
[2026-07-08 11:02:35] error: ❌ Database connection error:
[2026-07-08 11:02:51] info: 🚀 Server running on http://localhost:5000
[2026-07-08 11:02:51] error: ❌ Database connection error:
[2026-07-08 11:07:55] info: 🚀 Server running on http://localhost:5000
[2026-07-08 11:07:55] error: ❌ Database connection error:
[2026-07-08 11:08:17] info: 🚀 Server running on http://localhost:5000
[2026-07-08 11:08:17] error: ❌ Database connection error:
[2026-07-08 11:15:23] info: 🚀 Server running on http://localhost:5000
[2026-07-08 11:15:23] error: ❌ Database connection error:
[2026-07-08 11:20:28] info: 🚀 Server running on http://localhost:5000
[2026-07-08 11:20:28] info: ✅ PostgreSQL database connected successfully
[2026-07-08 11:20:43] info: GET / - ::1
[2026-07-08 11:20:43] info: GET /style.css - ::1
[2026-07-08 11:20:43] info: GET /icon.css - ::1
[2026-07-08 11:20:43] info: GET /api.js - ::1
[2026-07-08 11:20:43] info: GET /app.js - ::1
[2026-07-08 11:20:43] info: GET /api/trades - ::1
[2026-07-08 11:20:43] debug: User caleb (1) authenticated
[2026-07-08 11:20:43] info: GET /api/trades/statistics - ::1
[2026-07-08 11:20:43] debug: User caleb (1) authenticated
[2026-07-08 11:20:44] info: GET /favicon.ico - ::1
[2026-07-08 11:20:55] info: GET /login.html - ::1
[2026-07-08 11:20:55] info: GET /style.css - ::1
[2026-07-08 11:20:55] info: GET /icon.css - ::1
[2026-07-08 11:20:55] info: GET /api.js - ::1
[2026-07-08 11:20:55] info: GET /favicon.ico - ::1
[2026-07-08 11:21:23] info: 🚀 Server running on http://localhost:5000
[2026-07-08 11:21:23] info: ✅ PostgreSQL database connected successfully
[2026-07-08 11:21:40] info: 🚀 Server running on http://localhost:5000
[2026-07-08 11:21:40] info: ✅ PostgreSQL database connected successfully
[2026-07-08 11:21:51] info: GET / - ::1
[2026-07-08 11:21:51] info: GET /style.css - ::1
[2026-07-08 11:21:51] info: GET /icon.css - ::1
[2026-07-08 11:21:51] info: GET /api.js - ::1
[2026-07-08 11:21:51] info: GET /app.js - ::1
[2026-07-08 11:21:51] info: GET /login.html - ::1
[2026-07-08 11:21:51] info: GET /style.css - ::1
[2026-07-08 11:21:51] info: GET /icon.css - ::1
[2026-07-08 11:21:51] info: GET /api.js - ::1
[2026-07-08 11:21:52] info: GET /favicon.ico - ::1
[2026-07-08 11:22:18] info: POST /api/auth/login - ::1
[2026-07-08 11:22:19] info: User logged in: caleb (kalebmitiku55@gmail.com)
[2026-07-08 11:22:19] info: GET / - ::1
[2026-07-08 11:22:19] info: GET /style.css - ::1
[2026-07-08 11:22:19] info: GET /icon.css - ::1
[2026-07-08 11:22:19] info: GET /api.js - ::1
[2026-07-08 11:22:19] info: GET /app.js - ::1
[2026-07-08 11:22:19] info: GET /api/trades - ::1
[2026-07-08 11:22:19] debug: User caleb (1) authenticated
[2026-07-08 11:22:19] info: GET /favicon.ico - ::1
[2026-07-08 11:22:19] info: GET /api/trades/statistics - ::1
[2026-07-08 11:22:19] debug: User caleb (1) authenticated
[2026-07-08 11:24:28] info: GET /add-trade.html - ::1
[2026-07-08 11:24:28] info: GET /style.css - ::1
[2026-07-08 11:24:28] info: GET /icon.css - ::1
[2026-07-08 11:24:28] info: GET /api.js - ::1
[2026-07-08 11:24:28] info: GET /add-trade.js - ::1
[2026-07-08 11:24:28] info: GET /favicon.ico - ::1
[2026-07-08 11:25:08] info: POST /api/trades - ::1
[2026-07-08 11:25:08] debug: User caleb (1) authenticated
[2026-07-08 11:25:08] info: Trade created: SP500 for user 1
[2026-07-08 11:25:08] info: Trade created: SP500 by user caleb
[2026-07-08 11:25:12] info: GET /index.html - ::1
[2026-07-08 11:25:12] info: GET /style.css - ::1
[2026-07-08 11:25:12] info: GET /icon.css - ::1
[2026-07-08 11:25:12] info: GET /app.js - ::1
[2026-07-08 11:25:12] info: GET /api.js - ::1
[2026-07-08 11:25:12] info: GET /api/trades - ::1
[2026-07-08 11:25:12] debug: User caleb (1) authenticated
[2026-07-08 11:25:12] info: GET /api/trades/statistics - ::1
[2026-07-08 11:25:12] info: GET /favicon.ico - ::1
[2026-07-08 11:25:12] debug: User caleb (1) authenticated
[2026-07-08 11:25:25] info: GET /trades.html - ::1
[2026-07-08 11:25:25] info: GET /style.css - ::1
[2026-07-08 11:25:25] info: GET /icon.css - ::1
[2026-07-08 11:25:25] info: GET /api.js - ::1
[2026-07-08 11:25:25] info: GET /trades.js - ::1
[2026-07-08 11:25:25] info: GET /api/trades - ::1
[2026-07-08 11:25:25] debug: User caleb (1) authenticated
[2026-07-08 11:25:25] info: GET /api/trades/assets - ::1
[2026-07-08 11:25:25] debug: User caleb (1) authenticated
[2026-07-08 11:25:25] info: GET /api/trades/assets - ::1
[2026-07-08 11:25:25] debug: User caleb (1) authenticated
[2026-07-08 11:25:25] info: GET /favicon.ico - ::1
[2026-07-08 11:26:01] info: DELETE /api/trades/1 - ::1
[2026-07-08 11:26:01] debug: User caleb (1) authenticated
[2026-07-08 11:26:01] info: Trade deleted: ID 1 for user 1
[2026-07-08 11:26:01] info: GET /api/trades - ::1
[2026-07-08 11:26:01] debug: User caleb (1) authenticated
[2026-07-08 11:26:01] info: GET /api/trades/assets - ::1
[2026-07-08 11:26:01] debug: User caleb (1) authenticated
[2026-07-08 11:28:36] info: GET /login.html - ::1
[2026-07-08 11:28:36] info: GET /style.css - ::1
[2026-07-08 11:28:36] info: GET /icon.css - ::1
[2026-07-08 11:28:36] info: GET /api.js - ::1
[2026-07-08 11:28:36] info: GET /favicon.ico - ::1
[2026-07-08 11:28:42] info: GET /register.html - ::1
[2026-07-08 11:28:42] info: GET /style.css - ::1
[2026-07-08 11:28:42] info: GET /icon.css - ::1
[2026-07-08 11:28:42] info: GET /api.js - ::1
[2026-07-08 11:28:42] info: GET /favicon.ico - ::1
[2026-07-08 11:29:44] info: POST /api/auth/register - ::1
[2026-07-08 11:29:58] info: POST /api/auth/register - ::1
[2026-07-08 11:29:59] info: User created: john (kalebmitiku5@gmail.com)
[2026-07-08 11:29:59] info: User registered: john (kalebmitiku5@gmail.com)
[2026-07-08 11:29:59] info: GET / - ::1
[2026-07-08 11:29:59] info: GET /style.css - ::1
[2026-07-08 11:29:59] info: GET /icon.css - ::1
[2026-07-08 11:29:59] info: GET /api.js - ::1
[2026-07-08 11:29:59] info: GET /app.js - ::1
[2026-07-08 11:29:59] info: GET /api/trades - ::1
[2026-07-08 11:29:59] debug: User john (2) authenticated
[2026-07-08 11:29:59] info: GET /api/trades/statistics - ::1
[2026-07-08 11:29:59] debug: User john (2) authenticated
[2026-07-08 11:29:59] info: GET /favicon.ico - ::1
[2026-07-08 11:30:09] info: GET /login.html - ::1
[2026-07-08 11:30:09] info: GET /style.css - ::1
[2026-07-08 11:30:09] info: GET /icon.css - ::1
[2026-07-08 11:30:09] info: GET /api.js - ::1
[2026-07-08 11:30:10] info: GET /favicon.ico - ::1
[2026-07-08 11:30:22] info: POST /api/auth/login - ::1
[2026-07-08 11:30:23] info: User logged in: caleb (kalebmitiku55@gmail.com)
[2026-07-08 11:30:23] info: GET / - ::1
[2026-07-08 11:30:23] info: GET /style.css - ::1
[2026-07-08 11:30:23] info: GET /icon.css - ::1
[2026-07-08 11:30:23] info: GET /api.js - ::1
[2026-07-08 11:30:23] info: GET /app.js - ::1
[2026-07-08 11:30:23] info: GET /api/trades - ::1
[2026-07-08 11:30:23] debug: User caleb (1) authenticated
[2026-07-08 11:30:23] info: GET /api/trades/statistics - ::1
[2026-07-08 11:30:23] debug: User caleb (1) authenticated
[2026-07-08 11:30:23] info: GET /favicon.ico - ::1
[2026-07-08 11:36:54] info: 🚀 Server running on http://localhost:5000
[2026-07-08 11:36:54] info: ✅ PostgreSQL database connected successfully
[2026-07-08 11:37:10] info: 🚀 Server running on http://localhost:5000
[2026-07-08 11:37:10] info: ✅ PostgreSQL database connected successfully
[2026-07-08 11:37:24] info: GET / - ::1
[2026-07-08 11:37:24] info: GET /style.css - ::1
[2026-07-08 11:37:24] info: GET /icon.css - ::1
[2026-07-08 11:37:24] info: GET /api.js - ::1
[2026-07-08 11:37:24] info: GET /app.js - ::1
[2026-07-08 11:37:24] info: GET /api/trades - ::1
[2026-07-08 11:37:24] debug: User caleb (1) authenticated
[2026-07-08 11:37:25] info: GET /api/trades/statistics - ::1
[2026-07-08 11:37:25] debug: User caleb (1) authenticated
[2026-07-08 11:37:25] info: GET /favicon.ico - ::1
[2026-07-08 11:37:32] info: GET /login.html - ::1
[2026-07-08 11:37:32] info: GET /style.css - ::1
[2026-07-08 11:37:32] info: GET /icon.css - ::1
[2026-07-08 11:37:32] info: GET /api.js - ::1
[2026-07-08 11:37:32] info: GET /favicon.ico - ::1
[2026-07-08 11:37:34] info: POST /api/auth/login - ::1
[2026-07-08 11:37:35] info: User logged in: caleb (kalebmitiku55@gmail.com)
[2026-07-08 11:37:35] info: GET / - ::1
[2026-07-08 11:37:35] info: GET /style.css - ::1
[2026-07-08 11:37:35] info: GET /icon.css - ::1
[2026-07-08 11:37:35] info: GET /api.js - ::1
[2026-07-08 11:37:35] info: GET /app.js - ::1
[2026-07-08 11:37:35] info: GET /api/trades - ::1
[2026-07-08 11:37:35] debug: User caleb (1) authenticated
[2026-07-08 11:37:35] info: GET /api/trades/statistics - ::1
[2026-07-08 11:37:35] info: GET /favicon.ico - ::1
[2026-07-08 11:37:35] debug: User caleb (1) authenticated
[2026-07-08 11:37:39] info: GET /login.html - ::1
[2026-07-08 11:37:40] info: GET /style.css - ::1
[2026-07-08 11:37:40] info: GET /icon.css - ::1
[2026-07-08 11:37:40] info: GET /api.js - ::1
[2026-07-08 11:37:40] info: GET /favicon.ico - ::1
[2026-07-08 11:37:58] info: POST /api/auth/login - ::1
[2026-07-08 11:37:58] info: User logged in: caleb (kalebmitiku55@gmail.com)
[2026-07-08 11:37:58] info: GET / - ::1
[2026-07-08 11:37:58] info: GET /style.css - ::1
[2026-07-08 11:37:58] info: GET /icon.css - ::1
[2026-07-08 11:37:58] info: GET /api.js - ::1
[2026-07-08 11:37:58] info: GET /app.js - ::1
[2026-07-08 11:37:58] info: GET /api/trades - ::1
[2026-07-08 11:37:58] debug: User caleb (1) authenticated
[2026-07-08 11:37:58] info: GET /api/trades/statistics - ::1
[2026-07-08 11:37:58] info: GET /favicon.ico - ::1
[2026-07-08 11:37:58] debug: User caleb (1) authenticated
[2026-07-08 11:38:03] info: GET /add-trade.html - ::1
[2026-07-08 11:38:03] info: GET /style.css - ::1
[2026-07-08 11:38:03] info: GET /icon.css - ::1
[2026-07-08 11:38:03] info: GET /api.js - ::1
[2026-07-08 11:38:03] info: GET /add-trade.js - ::1
[2026-07-08 11:38:03] info: GET /favicon.ico - ::1
[2026-07-08 11:38:43] info: POST /api/trades - ::1
[2026-07-08 11:38:43] debug: User caleb (1) authenticated
[2026-07-08 11:38:44] info: Trade created: XAUUSD for user 1
[2026-07-08 11:38:44] info: Trade created: XAUUSD by user caleb
[2026-07-08 11:38:46] info: GET /index.html - ::1
[2026-07-08 11:38:46] info: GET /style.css - ::1
[2026-07-08 11:38:46] info: GET /icon.css - ::1
[2026-07-08 11:38:46] info: GET /api.js - ::1
[2026-07-08 11:38:46] info: GET /app.js - ::1
[2026-07-08 11:38:46] info: GET /api/trades - ::1
[2026-07-08 11:38:46] debug: User caleb (1) authenticated
[2026-07-08 11:38:46] info: GET /api/trades/statistics - ::1
[2026-07-08 11:38:46] info: GET /favicon.ico - ::1
[2026-07-08 11:38:46] debug: User caleb (1) authenticated
[2026-07-08 11:40:28] info: 🚀 Server running on http://localhost:5000
[2026-07-08 11:40:28] info: ✅ PostgreSQL database connected successfully
[2026-07-08 11:40:44] info: 🚀 Server running on http://localhost:5000
[2026-07-08 11:40:44] info: ✅ PostgreSQL database connected successfully
[2026-07-08 11:40:53] info: GET / - ::1
[2026-07-08 11:40:53] info: GET /style.css - ::1
[2026-07-08 11:40:53] info: GET /icon.css - ::1
[2026-07-08 11:40:53] info: GET /api.js - ::1
[2026-07-08 11:40:53] info: GET /app.js - ::1
[2026-07-08 11:40:53] info: GET /api/trades - ::1
[2026-07-08 11:40:53] debug: User caleb (1) authenticated
[2026-07-08 11:40:53] info: GET /api/trades/statistics - ::1
[2026-07-08 11:40:53] debug: User caleb (1) authenticated
[2026-07-08 11:40:54] info: GET /favicon.ico - ::1
[2026-07-08 11:44:13] info: GET /style.css - ::1
[2026-07-08 11:44:13] info: GET /icon.css - ::1
[2026-07-08 11:44:13] info: GET /.well-known/appspecific/com.chrome.devtools.json - ::1
[2026-07-08 11:46:45] info: 🚀 Server running on http://localhost:5000
[2026-07-08 11:46:45] info: ✅ PostgreSQL database connected successfully
[2026-07-08 11:46:59] info: GET / - ::1
[2026-07-08 11:46:59] info: GET /style.css - ::1
[2026-07-08 11:46:59] info: GET /icon.css - ::1
[2026-07-08 11:46:59] info: GET /app.js - ::1
[2026-07-08 11:46:59] info: GET /api.js - ::1
[2026-07-08 11:46:59] info: GET /api/trades - ::1
[2026-07-08 11:46:59] debug: User caleb (1) authenticated
[2026-07-08 11:47:00] info: GET /api/trades/statistics - ::1
[2026-07-08 11:47:00] info: GET /favicon.ico - ::1
[2026-07-08 11:47:00] debug: User caleb (1) authenticated
[2026-07-08 11:47:19] info: GET /index.html - ::1
[2026-07-08 11:47:19] info: GET /style.css - ::1
[2026-07-08 11:47:19] info: GET /icon.css - ::1
[2026-07-08 11:47:19] info: GET /api.js - ::1
[2026-07-08 11:47:19] info: GET /app.js - ::1
[2026-07-08 11:47:19] info: GET /api/trades - ::1
[2026-07-08 11:47:19] debug: User caleb (1) authenticated
[2026-07-08 11:47:19] info: GET /api/trades/statistics - ::1
[2026-07-08 11:47:19] info: GET /favicon.ico - ::1
[2026-07-08 11:47:19] debug: User caleb (1) authenticated
[2026-07-08 11:47:36] info: GET /add-trade.html - ::1
[2026-07-08 11:47:36] info: GET /style.css - ::1
[2026-07-08 11:47:36] info: GET /icon.css - ::1
[2026-07-08 11:47:36] info: GET /api.js - ::1
[2026-07-08 11:47:36] info: GET /add-trade.js - ::1
[2026-07-08 11:47:36] info: GET /favicon.ico - ::1
[2026-07-08 11:47:44] info: GET /trades.html - ::1
[2026-07-08 11:47:44] info: GET /style.css - ::1
[2026-07-08 11:47:44] info: GET /icon.css - ::1
[2026-07-08 11:47:44] info: GET /api.js - ::1
[2026-07-08 11:47:44] info: GET /trades.js - ::1
[2026-07-08 11:47:44] info: GET /api/trades - ::1
[2026-07-08 11:47:44] debug: User caleb (1) authenticated
[2026-07-08 11:47:44] info: GET /api/trades/assets - ::1
[2026-07-08 11:47:44] debug: User caleb (1) authenticated
[2026-07-08 11:47:44] info: GET /api/trades/assets - ::1
[2026-07-08 11:47:44] debug: User caleb (1) authenticated
[2026-07-08 11:47:44] info: GET /favicon.ico - ::1
[2026-07-08 11:52:30] info: 🚀 Server running on http://localhost:5000
[2026-07-08 11:52:30] info: ✅ PostgreSQL database connected successfully
[2026-07-08 11:52:55] info: 🚀 Server running on http://localhost:5000
[2026-07-08 11:52:55] info: ✅ PostgreSQL database connected successfully
[2026-07-08 11:53:04] info: GET / - ::1
[2026-07-08 11:53:04] info: GET /style.css - ::1
[2026-07-08 11:53:04] info: GET /icon.css - ::1
[2026-07-08 11:53:04] info: GET /api.js - ::1
[2026-07-08 11:53:04] info: GET /app.js - ::1
[2026-07-08 11:53:04] info: GET /api/trades - ::1
[2026-07-08 11:53:04] debug: User caleb (1) authenticated
[2026-07-08 11:53:04] info: GET /api/trades/statistics - ::1
[2026-07-08 11:53:04] debug: User caleb (1) authenticated
[2026-07-08 11:53:04] info: GET /favicon.ico - ::1
[2026-07-08 11:53:21] info: GET /trades.html - ::1
[2026-07-08 11:53:21] info: GET /style.css - ::1
[2026-07-08 11:53:21] info: GET /icon.css - ::1
[2026-07-08 11:53:21] info: GET /api.js - ::1
[2026-07-08 11:53:21] info: GET /trades.js - ::1
[2026-07-08 11:53:21] info: GET /api/trades - ::1
[2026-07-08 11:53:21] debug: User caleb (1) authenticated
[2026-07-08 11:53:21] info: GET /api/trades/assets - ::1
[2026-07-08 11:53:21] debug: User caleb (1) authenticated
[2026-07-08 11:53:21] info: GET /api/trades/assets - ::1
[2026-07-08 11:53:21] debug: User caleb (1) authenticated
[2026-07-08 11:53:21] info: GET /favicon.ico - ::1
[2026-07-08 11:53:31] info: GET /login.html - ::1
[2026-07-08 11:53:31] info: GET /style.css - ::1
[2026-07-08 11:53:31] info: GET /icon.css - ::1
[2026-07-08 11:53:31] info: GET /api.js - ::1
[2026-07-08 11:53:31] info: GET /favicon.ico - ::1
[2026-07-08 11:53:38] info: POST /api/auth/login - ::1
[2026-07-08 11:53:38] info: User logged in: caleb (kalebmitiku55@gmail.com)
[2026-07-08 11:53:38] info: GET / - ::1
[2026-07-08 11:53:38] info: GET /style.css - ::1
[2026-07-08 11:53:38] info: GET /icon.css - ::1
[2026-07-08 11:53:38] info: GET /api.js - ::1
[2026-07-08 11:53:38] info: GET /app.js - ::1
[2026-07-08 11:53:38] info: GET /api/trades - ::1
[2026-07-08 11:53:38] debug: User caleb (1) authenticated
[2026-07-08 11:53:38] info: GET /api/trades/statistics - ::1
[2026-07-08 11:53:38] debug: User caleb (1) authenticated
[2026-07-08 11:53:38] info: GET /favicon.ico - ::1
[2026-07-08 11:53:48] info: GET /add-trade.html - ::1
[2026-07-08 11:53:48] info: GET /style.css - ::1
[2026-07-08 11:53:48] info: GET /icon.css - ::1
[2026-07-08 11:53:48] info: GET /api.js - ::1
[2026-07-08 11:53:48] info: GET /add-trade.js - ::1
[2026-07-08 11:53:48] info: GET /favicon.ico - ::1
[2026-07-08 11:54:42] info: POST /api/trades - ::1
[2026-07-08 11:54:42] debug: User caleb (1) authenticated
[2026-07-08 11:54:42] info: Trade created: GBPUSD for user 1
[2026-07-08 11:54:42] info: Trade created: GBPUSD by user caleb
[2026-07-08 11:54:44] info: GET /index.html - ::1
[2026-07-08 11:54:44] info: GET /style.css - ::1
[2026-07-08 11:54:44] info: GET /icon.css - ::1
[2026-07-08 11:54:44] info: GET /api.js - ::1
[2026-07-08 11:54:44] info: GET /app.js - ::1
[2026-07-08 11:54:44] info: GET /api/trades - ::1
[2026-07-08 11:54:44] debug: User caleb (1) authenticated
[2026-07-08 11:54:44] info: GET /favicon.ico - ::1
[2026-07-08 11:54:44] info: GET /api/trades/statistics - ::1
[2026-07-08 11:54:44] debug: User caleb (1) authenticated
[2026-07-08 11:55:01] info: GET /trades.html - ::1
[2026-07-08 11:55:01] info: GET /style.css - ::1
[2026-07-08 11:55:01] info: GET /icon.css - ::1
[2026-07-08 11:55:01] info: GET /api.js - ::1
[2026-07-08 11:55:01] info: GET /trades.js - ::1
[2026-07-08 11:55:01] info: GET /api/trades - ::1
[2026-07-08 11:55:01] debug: User caleb (1) authenticated
[2026-07-08 11:55:01] info: GET /api/trades/assets - ::1
[2026-07-08 11:55:01] debug: User caleb (1) authenticated
[2026-07-08 11:55:01] info: GET /favicon.ico - ::1
[2026-07-08 11:55:01] info: GET /api/trades/assets - ::1
[2026-07-08 11:55:01] debug: User caleb (1) authenticated
[2026-07-08 11:55:12] info: DELETE /api/trades/2 - ::1
[2026-07-08 11:55:12] debug: User caleb (1) authenticated
[2026-07-08 11:55:12] info: Trade deleted: ID 2 for user 1
[2026-07-08 11:55:12] info: GET /api/trades - ::1
[2026-07-08 11:55:12] debug: User caleb (1) authenticated
[2026-07-08 11:55:12] info: GET /api/trades/assets - ::1
[2026-07-08 11:55:12] debug: User caleb (1) authenticated
[2026-07-08 11:57:01] info: GET /index.html - ::1
[2026-07-08 11:57:01] info: GET /style.css - ::1
[2026-07-08 11:57:01] info: GET /icon.css - ::1
[2026-07-08 11:57:01] info: GET /api.js - ::1
[2026-07-08 11:57:01] info: GET /app.js - ::1
[2026-07-08 11:57:01] info: GET /api/trades - ::1
[2026-07-08 11:57:01] debug: User caleb (1) authenticated
[2026-07-08 11:57:01] info: GET /favicon.ico - ::1
[2026-07-08 11:57:01] info: GET /api/trades/statistics - ::1
[2026-07-08 11:57:01] debug: User caleb (1) authenticated
[2026-07-08 11:57:31] info: GET /trades.html - ::1
[2026-07-08 11:57:31] info: GET /style.css - ::1
[2026-07-08 11:57:31] info: GET /icon.css - ::1
[2026-07-08 11:57:31] info: GET /api.js - ::1
[2026-07-08 11:57:31] info: GET /trades.js - ::1
[2026-07-08 11:57:31] info: GET /api/trades - ::1
[2026-07-08 11:57:31] debug: User caleb (1) authenticated
[2026-07-08 11:57:31] info: GET /api/trades/assets - ::1
[2026-07-08 11:57:31] info: GET /favicon.ico - ::1
[2026-07-08 11:57:31] debug: User caleb (1) authenticated
[2026-07-08 11:57:31] info: GET /api/trades/assets - ::1
[2026-07-08 11:57:31] debug: User caleb (1) authenticated
[2026-07-08 11:57:33] info: GET /add-trade.html - ::1
[2026-07-08 11:57:33] info: GET /style.css - ::1
[2026-07-08 11:57:33] info: GET /icon.css - ::1
[2026-07-08 11:57:33] info: GET /api.js - ::1
[2026-07-08 11:57:33] info: GET /add-trade.js - ::1
[2026-07-08 11:57:33] info: GET /favicon.ico - ::1
[2026-07-08 11:57:35] info: GET /index.html - ::1
[2026-07-08 11:57:35] info: GET /style.css - ::1
[2026-07-08 11:57:35] info: GET /icon.css - ::1
[2026-07-08 11:57:35] info: GET /api.js - ::1
[2026-07-08 11:57:35] info: GET /app.js - ::1
[2026-07-08 11:57:35] info: GET /api/trades - ::1
[2026-07-08 11:57:35] debug: User caleb (1) authenticated
[2026-07-08 11:57:35] info: GET /api/trades/statistics - ::1
[2026-07-08 11:57:35] info: GET /favicon.ico - ::1
[2026-07-08 11:57:35] debug: User caleb (1) authenticated
[2026-07-08 11:58:14] info: GET /trades.html - ::1
[2026-07-08 11:58:14] info: GET /style.css - ::1
[2026-07-08 11:58:14] info: GET /icon.css - ::1
[2026-07-08 11:58:14] info: GET /api.js - ::1
[2026-07-08 11:58:14] info: GET /trades.js - ::1
[2026-07-08 11:58:14] info: GET /api/trades - ::1
[2026-07-08 11:58:14] debug: User caleb (1) authenticated
[2026-07-08 11:58:14] info: GET /favicon.ico - ::1
[2026-07-08 11:58:14] info: GET /api/trades/assets - ::1
[2026-07-08 11:58:14] debug: User caleb (1) authenticated
[2026-07-08 11:58:14] info: GET /api/trades/assets - ::1
[2026-07-08 11:58:14] debug: User caleb (1) authenticated
[2026-07-08 11:59:44] info: GET /login.html - ::1
[2026-07-08 11:59:44] info: GET /style.css - ::1
[2026-07-08 11:59:44] info: GET /icon.css - ::1
[2026-07-08 11:59:44] info: GET /api.js - ::1
[2026-07-08 11:59:44] info: GET /favicon.ico - ::1
[2026-07-08 12:00:24] info: GET /favicon.ico - ::1
[2026-07-08 12:10:15] info: 🚀 Server running on http://localhost:5000
[2026-07-08 12:10:15] info: ✅ PostgreSQL database connected successfully
[2026-07-08 12:16:57] info: 🚀 Server running on http://localhost:5000
[2026-07-08 12:16:57] info: ✅ PostgreSQL database connected successfully
[2026-07-08 12:18:29] info: GET /login.html - ::1
[2026-07-08 12:18:29] info: GET /style.css - ::1
[2026-07-08 12:18:29] info: GET /icon.css - ::1
[2026-07-08 12:18:29] info: GET /api.js - ::1
[2026-07-08 12:18:29] info: GET /favicon.ico - ::1
[2026-07-08 12:23:29] info: 🚀 Server running on http://localhost:5000
[2026-07-08 12:23:29] info: ✅ PostgreSQL database connected successfully
[2026-07-08 12:25:12] info: 🚀 Server running on http://localhost:5000
[2026-07-08 12:25:12] info: ✅ PostgreSQL database connected successfully
[2026-07-08 12:25:34] info: GET / - ::1
[2026-07-08 12:25:34] info: GET /style.css - ::1
[2026-07-08 12:25:34] info: GET /icon.css - ::1
[2026-07-08 12:25:34] info: GET /api.js - ::1
[2026-07-08 12:25:34] info: GET /app.js - ::1
[2026-07-08 12:25:34] info: GET /login.html - ::1
[2026-07-08 12:25:34] info: GET /style.css - ::1
[2026-07-08 12:25:34] info: GET /icon.css - ::1
[2026-07-08 12:25:34] info: GET /api.js - ::1
[2026-07-08 12:25:34] info: GET /favicon.ico - ::1
[2026-07-08 12:25:38] info: GET /favicon.ico - ::1
[2026-07-08 12:27:22] info: GET /login.html - ::1
[2026-07-08 12:27:22] info: GET /style.css - ::1
[2026-07-08 12:27:22] info: GET /icon.css - ::1
[2026-07-08 12:27:22] info: GET /api.js - ::1
[2026-07-08 12:27:22] info: GET /favicon.ico - ::1
[2026-07-08 12:27:27] info: GET /forgot-password.html - ::1
[2026-07-08 12:27:27] info: GET /style.css - ::1
[2026-07-08 12:27:27] info: GET /icon.css - ::1
[2026-07-08 12:27:27] info: GET /api.js - ::1
[2026-07-08 12:27:27] info: GET /favicon.ico - ::1
[2026-07-08 12:27:44] info: POST /api/auth/forgot-password - ::1
[2026-07-08 12:28:29] info: GET /login.html - ::1
[2026-07-08 12:28:29] info: GET /style.css - ::1
[2026-07-08 12:28:29] info: GET /icon.css - ::1
[2026-07-08 12:28:29] info: GET /api.js - ::1
[2026-07-08 12:28:29] info: GET /favicon.ico - ::1
[2026-07-08 12:28:31] info: POST /api/auth/login - ::1
[2026-07-08 12:28:40] info: POST /api/auth/login - ::1
[2026-07-08 12:28:46] info: GET /register.html - ::1
[2026-07-08 12:28:46] info: GET /style.css - ::1
[2026-07-08 12:28:46] info: GET /icon.css - ::1
[2026-07-08 12:28:46] info: GET /api.js - ::1
[2026-07-08 12:28:46] info: GET /favicon.ico - ::1
[2026-07-08 12:29:22] info: POST /api/auth/register - ::1
[2026-07-08 12:29:22] info: User created: cbx (kalebmitiku55@gmail.com)
[2026-07-08 12:29:22] info: User registered: cbx (kalebmitiku55@gmail.com)
[2026-07-08 12:29:22] info: GET / - ::1
[2026-07-08 12:29:22] info: GET /style.css - ::1
[2026-07-08 12:29:22] info: GET /icon.css - ::1
[2026-07-08 12:29:22] info: GET /api.js - ::1
[2026-07-08 12:29:23] info: GET /app.js - ::1
[2026-07-08 12:29:23] info: GET /api/trades - ::1
[2026-07-08 12:29:23] debug: User cbx (1) authenticated
[2026-07-08 12:29:23] info: GET /api/trades/statistics - ::1
[2026-07-08 12:29:23] info: GET /favicon.ico - ::1
[2026-07-08 12:29:23] debug: User cbx (1) authenticated
[2026-07-08 12:29:40] info: GET /login.html - ::1
[2026-07-08 12:29:40] info: GET /style.css - ::1
[2026-07-08 12:29:40] info: GET /icon.css - ::1
[2026-07-08 12:29:40] info: GET /api.js - ::1
[2026-07-08 12:29:40] info: GET /favicon.ico - ::1
[2026-07-08 12:29:44] info: GET /forgot-password.html - ::1
[2026-07-08 12:29:44] info: GET /style.css - ::1
[2026-07-08 12:29:44] info: GET /icon.css - ::1
[2026-07-08 12:29:44] info: GET /api.js - ::1
[2026-07-08 12:29:44] info: GET /favicon.ico - ::1
[2026-07-08 12:29:48] info: POST /api/auth/forgot-password - ::1
[2026-07-08 12:33:23] info: GET /favicon.ico - ::1
[2026-07-08 12:33:25] info: GET /forgot-password.html - ::1
[2026-07-08 12:33:25] info: GET /style.css - ::1
[2026-07-08 12:33:25] info: GET /icon.css - ::1
[2026-07-08 12:33:25] info: GET /api.js - ::1
[2026-07-08 12:33:25] info: GET /favicon.ico - ::1
[2026-07-08 12:33:35] info: POST /api/auth/forgot-password - ::1
[2026-07-08 12:34:02] info: POST /api/auth/forgot-password - ::1
[2026-07-08 12:38:59] info: GET /reset-password?token=dd45b62a8f006e3868163e4c28a404963bc81214964981aab7fbbfc11ed2a7d3 - ::1
[2026-07-08 12:38:59] info: GET /style.css - ::1
[2026-07-08 12:38:59] info: GET /icon.css - ::1
[2026-07-08 12:38:59] info: GET /api.js - ::1
[2026-07-08 12:38:59] info: GET /app.js - ::1
[2026-07-08 12:39:00] info: GET /login.html - ::1
[2026-07-08 12:39:00] info: GET /style.css - ::1
[2026-07-08 12:39:00] info: GET /icon.css - ::1
[2026-07-08 12:39:00] info: GET /api.js - ::1
[2026-07-08 12:39:00] info: GET /favicon.ico - ::1
[2026-07-08 12:42:06] info: GET /login.html - ::1
[2026-07-08 12:42:06] info: GET /style.css - ::1
[2026-07-08 12:42:06] info: GET /icon.css - ::1
[2026-07-08 12:42:06] info: GET /api.js - ::1
[2026-07-08 12:42:06] info: GET /favicon.ico - ::1
[2026-07-08 12:42:11] info: GET /forgot-password.html - ::1
[2026-07-08 12:42:11] info: GET /style.css - ::1
[2026-07-08 12:42:11] info: GET /icon.css - ::1
[2026-07-08 12:42:11] info: GET /api.js - ::1
[2026-07-08 12:42:11] info: GET /favicon.ico - ::1
[2026-07-08 12:42:15] info: POST /api/auth/forgot-password - ::1
[2026-07-08 12:42:43] info: GET /reset-password?token=4f83e15e8dad4580b2ee1be9a22d70bafbb548d0dd1321431d13337909573218 - ::1
[2026-07-08 12:42:43] info: GET /style.css - ::1
[2026-07-08 12:42:43] info: GET /icon.css - ::1
[2026-07-08 12:42:43] info: GET /api.js - ::1
[2026-07-08 12:42:43] info: GET /app.js - ::1
[2026-07-08 12:42:43] info: GET /login.html - ::1
[2026-07-08 12:42:43] info: GET /style.css - ::1
[2026-07-08 12:42:43] info: GET /icon.css - ::1
[2026-07-08 12:42:43] info: GET /api.js - ::1
[2026-07-08 12:42:43] info: GET /favicon.ico - ::1
[2026-07-08 12:46:28] info: 🚀 Server running on http://localhost:5000
[2026-07-08 12:46:28] info: ✅ PostgreSQL database connected successfully
[2026-07-08 12:46:34] info: 🚀 Server running on http://localhost:5000
[2026-07-08 12:46:34] info: ✅ PostgreSQL database connected successfully
[2026-07-08 12:47:41] info: 🚀 Server running on http://localhost:5000
[2026-07-08 12:47:41] info: ✅ PostgreSQL database connected successfully
[2026-07-08 12:47:53] info: GET / - ::1
[2026-07-08 12:47:53] info: GET /style.css - ::1
[2026-07-08 12:47:53] info: GET /icon.css - ::1
[2026-07-08 12:47:53] info: GET /api.js - ::1
[2026-07-08 12:47:53] info: GET /app.js - ::1
[2026-07-08 12:47:54] info: GET /login.html - ::1
[2026-07-08 12:47:54] info: GET /style.css - ::1
[2026-07-08 12:47:54] info: GET /icon.css - ::1
[2026-07-08 12:47:54] info: GET /api.js - ::1
[2026-07-08 12:47:54] info: GET /favicon.ico - ::1
[2026-07-08 12:47:57] info: GET /forgot-password.html - ::1
[2026-07-08 12:47:57] info: GET /style.css - ::1
[2026-07-08 12:47:57] info: GET /icon.css - ::1
[2026-07-08 12:47:57] info: GET /api.js - ::1
[2026-07-08 12:47:57] info: GET /favicon.ico - ::1
[2026-07-08 12:48:00] info: POST /api/auth/forgot-password - ::1
[2026-07-08 12:48:18] info: GET /reset-password?token=ad2ca0128c23eda1ec14ebd7598fc5e6726b7e38431d83fb0f84b38a0d249101 - ::1
[2026-07-08 12:48:18] info: GET /style.css - ::1
[2026-07-08 12:48:19] info: GET /icon.css - ::1
[2026-07-08 12:48:19] info: GET /api.js - ::1
[2026-07-08 12:48:19] info: GET /app.js - ::1
[2026-07-08 12:48:19] info: GET /login.html - ::1
[2026-07-08 12:48:19] info: GET /style.css - ::1
[2026-07-08 12:48:19] info: GET /icon.css - ::1
[2026-07-08 12:48:19] info: GET /api.js - ::1
[2026-07-08 12:48:19] info: GET /favicon.ico - ::1
[2026-07-08 12:50:03] info: 🚀 Server running on http://localhost:5000
[2026-07-08 12:50:03] info: ✅ PostgreSQL database connected successfully
[2026-07-08 12:50:22] info: 🚀 Server running on http://localhost:5000
[2026-07-08 12:50:22] info: ✅ PostgreSQL database connected successfully
[2026-07-08 12:50:43] info: GET / - ::1
[2026-07-08 12:50:43] info: GET /style.css - ::1
[2026-07-08 12:50:43] info: GET /icon.css - ::1
[2026-07-08 12:50:43] info: GET /api.js - ::1
[2026-07-08 12:50:43] info: GET /app.js - ::1
[2026-07-08 12:50:43] info: GET /login.html - ::1
[2026-07-08 12:50:44] info: GET /style.css - ::1
[2026-07-08 12:50:44] info: GET /icon.css - ::1
[2026-07-08 12:50:44] info: GET /api.js - ::1
[2026-07-08 12:50:44] info: GET /favicon.ico - ::1
[2026-07-08 12:50:46] info: GET /forgot-password.html - ::1
[2026-07-08 12:50:46] info: GET /style.css - ::1
[2026-07-08 12:50:46] info: GET /icon.css - ::1
[2026-07-08 12:50:46] info: GET /api.js - ::1
[2026-07-08 12:50:46] info: GET /favicon.ico - ::1
[2026-07-08 12:50:50] info: POST /api/auth/forgot-password - ::1
[2026-07-08 12:51:28] info: GET /reset-password?token=050a94b8ca2049da2291e81b9e36985a75ddd7d24dab58345808b67e210faed1 - ::1
[2026-07-08 12:51:28] info: GET /style.css - ::1
[2026-07-08 12:51:28] info: GET /icon.css - ::1
[2026-07-08 12:51:28] info: GET /api.js - ::1
[2026-07-08 12:51:28] info: GET /app.js - ::1
[2026-07-08 12:51:28] info: GET /login.html - ::1
[2026-07-08 12:51:28] info: GET /style.css - ::1
[2026-07-08 12:51:28] info: GET /icon.css - ::1
[2026-07-08 12:51:28] info: GET /api.js - ::1
[2026-07-08 12:51:28] info: GET /favicon.ico - ::1
[2026-07-08 12:51:39] info: GET /style.css - ::1
[2026-07-08 12:51:39] info: GET /icon.css - ::1
[2026-07-08 12:51:40] info: GET /.well-known/appspecific/com.chrome.devtools.json - ::1
[2026-07-08 18:11:23] info: 🚀 Server running on http://localhost:5000
[2026-07-08 18:11:23] info: ✅ PostgreSQL database connected successfully
[2026-07-08 18:11:39] info: GET / - ::1
[2026-07-08 18:11:39] info: GET /style.css - ::1
[2026-07-08 18:11:39] info: GET /icon.css - ::1
[2026-07-08 18:11:39] info: GET /api.js - ::1
[2026-07-08 18:11:39] info: GET /app.js - ::1
[2026-07-08 18:11:39] info: GET /login.html - ::1
[2026-07-08 18:11:39] info: GET /style.css - ::1
[2026-07-08 18:11:39] info: GET /icon.css - ::1
[2026-07-08 18:11:39] info: GET /api.js - ::1
[2026-07-08 18:11:39] info: GET /favicon.ico - ::1
[2026-07-08 18:11:43] info: GET /forgot-password.html - ::1
[2026-07-08 18:11:43] info: GET /style.css - ::1
[2026-07-08 18:11:43] info: GET /icon.css - ::1
[2026-07-08 18:11:43] info: GET /api.js - ::1
[2026-07-08 18:11:43] info: GET /favicon.ico - ::1
[2026-07-08 18:11:48] info: POST /api/auth/forgot-password - ::1
[2026-07-08 18:12:13] info: GET /reset-password?token=aea94858dbd0e58b1f898be0537ae83430512ea37b7ebca59efd5fae750b584c - ::1
[2026-07-08 18:12:13] info: GET /style.css - ::1
[2026-07-08 18:12:13] info: GET /icon.css - ::1
[2026-07-08 18:12:13] info: GET /api.js - ::1
[2026-07-08 18:12:13] info: GET /app.js - ::1
[2026-07-08 18:12:13] info: GET /login.html - ::1
[2026-07-08 18:12:13] info: GET /style.css - ::1
[2026-07-08 18:12:13] info: GET /icon.css - ::1
[2026-07-08 18:12:13] info: GET /api.js - ::1
[2026-07-08 18:12:13] info: GET /favicon.ico - ::1
[2026-07-08 18:15:57] info: 🚀 Server running on http://localhost:5000
[2026-07-08 18:15:57] info: ✅ PostgreSQL database connected successfully
[2026-07-08 18:16:18] info: 🚀 Server running on http://localhost:5000
[2026-07-08 18:16:18] info: ✅ PostgreSQL database connected successfully
[2026-07-08 18:16:23] info: GET /reset-password.html - ::1
[2026-07-08 18:16:23] info: GET /style.css - ::1
[2026-07-08 18:16:23] info: GET /icon.css - ::1
[2026-07-08 18:16:23] info: GET /api.js - ::1
[2026-07-08 18:16:23] info: GET /favicon.ico - ::1
[2026-07-08 18:16:43] info: GET /login.html - ::1
[2026-07-08 18:16:43] info: GET /style.css - ::1
[2026-07-08 18:16:43] info: GET /icon.css - ::1
[2026-07-08 18:16:43] info: GET /api.js - ::1
[2026-07-08 18:16:43] info: GET /favicon.ico - ::1
[2026-07-08 18:16:47] info: GET /forgot-password.html - ::1
[2026-07-08 18:16:47] info: GET /style.css - ::1
[2026-07-08 18:16:47] info: GET /icon.css - ::1
[2026-07-08 18:16:47] info: GET /api.js - ::1
[2026-07-08 18:16:47] info: GET /favicon.ico - ::1
[2026-07-08 18:16:51] info: POST /api/auth/forgot-password - ::1
[2026-07-08 18:17:01] info: GET /reset-password?token=4f5cdb866157952113a9353a6b5c616ef4f87c4862d210266fd804b492653229 - ::1
[2026-07-08 18:17:01] info: GET /style.css - ::1
[2026-07-08 18:17:01] info: GET /icon.css - ::1
[2026-07-08 18:17:01] info: GET /api.js - ::1
[2026-07-08 18:17:01] info: GET /app.js - ::1
[2026-07-08 18:17:01] info: GET /login.html - ::1
[2026-07-08 18:17:01] info: GET /style.css - ::1
[2026-07-08 18:17:01] info: GET /icon.css - ::1
[2026-07-08 18:17:01] info: GET /api.js - ::1
[2026-07-08 18:17:01] info: GET /favicon.ico - ::1
[2026-07-08 18:17:33] info: GET /reset-password?token=4f5cdb866157952113a9353a6b5c616ef4f87c4862d210266fd804b492653229 - ::1
[2026-07-08 18:17:33] info: GET /style.css - ::1
[2026-07-08 18:17:33] info: GET /icon.css - ::1
[2026-07-08 18:17:33] info: GET /api.js - ::1
[2026-07-08 18:17:33] info: GET /app.js - ::1
[2026-07-08 18:17:33] info: GET /login.html - ::1
[2026-07-08 18:17:33] info: GET /style.css - ::1
[2026-07-08 18:17:33] info: GET /icon.css - ::1
[2026-07-08 18:17:33] info: GET /api.js - ::1
[2026-07-08 18:17:33] info: GET /favicon.ico - ::1
[2026-07-08 18:19:58] info: 🚀 Server running on http://localhost:5000
[2026-07-08 18:19:58] info: ✅ PostgreSQL database connected successfully
[2026-07-08 18:20:21] info: GET /login.html - ::1
[2026-07-08 18:20:21] info: GET /style.css - ::1
[2026-07-08 18:20:21] info: GET /icon.css - ::1
[2026-07-08 18:20:21] info: GET /api.js - ::1
[2026-07-08 18:20:21] info: GET /favicon.ico - ::1
[2026-07-08 18:20:24] info: GET /forgot-password.html - ::1
[2026-07-08 18:20:24] info: GET /style.css - ::1
[2026-07-08 18:20:24] info: GET /icon.css - ::1
[2026-07-08 18:20:24] info: GET /api.js - ::1
[2026-07-08 18:20:24] info: GET /favicon.ico - ::1
[2026-07-08 18:20:33] info: POST /api/auth/forgot-password - ::1
[2026-07-08 18:20:46] info: GET /reset-password?token=740afb06f108ccacfc1f74821e32c74744b0db0253e44dac8d5eac2fcefea408 - ::1
[2026-07-08 18:20:46] info: GET /style.css - ::1
[2026-07-08 18:20:46] info: GET /icon.css - ::1
[2026-07-08 18:20:46] info: GET /api.js - ::1
[2026-07-08 18:20:46] info: GET /app.js - ::1
[2026-07-08 18:20:46] info: GET /login.html - ::1
[2026-07-08 18:20:46] info: GET /style.css - ::1
[2026-07-08 18:20:46] info: GET /icon.css - ::1
[2026-07-08 18:20:46] info: GET /api.js - ::1
[2026-07-08 18:20:46] info: GET /favicon.ico - ::1
[2026-07-08 18:21:14] info: 🚀 Server running on http://localhost:5000
[2026-07-08 18:21:14] info: ✅ PostgreSQL database connected successfully
[2026-07-08 18:21:18] info: GET /login.html - ::1
[2026-07-08 18:21:18] info: GET /style.css - ::1
[2026-07-08 18:21:18] info: GET /icon.css - ::1
[2026-07-08 18:21:18] info: GET /api.js - ::1
[2026-07-08 18:21:18] info: GET /favicon.ico - ::1
[2026-07-08 18:21:24] info: GET /forgot-password.html - ::1
[2026-07-08 18:21:24] info: GET /style.css - ::1
[2026-07-08 18:21:24] info: GET /icon.css - ::1
[2026-07-08 18:21:24] info: GET /api.js - ::1
[2026-07-08 18:21:24] info: GET /favicon.ico - ::1
[2026-07-08 18:21:29] info: POST /api/auth/forgot-password - ::1
[2026-07-08 18:22:19] info: 🚀 Server running on http://localhost:5000
[2026-07-08 18:22:20] info: ✅ PostgreSQL database connected successfully
[2026-07-08 18:22:33] info: GET / - ::1
[2026-07-08 18:22:33] info: GET /style.css - ::1
[2026-07-08 18:22:33] info: GET /icon.css - ::1
[2026-07-08 18:22:33] info: GET /api.js - ::1
[2026-07-08 18:22:33] info: GET /app.js - ::1
[2026-07-08 18:22:33] info: GET /login.html - ::1
[2026-07-08 18:22:33] info: GET /style.css - ::1
[2026-07-08 18:22:33] info: GET /icon.css - ::1
[2026-07-08 18:22:33] info: GET /api.js - ::1
[2026-07-08 18:22:34] info: GET /favicon.ico - ::1
[2026-07-08 18:22:36] info: GET /forgot-password.html - ::1
[2026-07-08 18:22:36] info: GET /style.css - ::1
[2026-07-08 18:22:36] info: GET /icon.css - ::1
[2026-07-08 18:22:36] info: GET /api.js - ::1
[2026-07-08 18:22:36] info: GET /favicon.ico - ::1
[2026-07-08 18:22:40] info: POST /api/auth/forgot-password - ::1
[2026-07-08 18:22:49] info: GET /reset-password?token=9bfda01c3b4cfcf2b7093be0518b5f392b80c5e2ae1090096387826ee9f925cd - ::1
[2026-07-08 18:22:49] info: GET /style.css - ::1
[2026-07-08 18:22:49] info: GET /icon.css - ::1
[2026-07-08 18:22:49] info: GET /api.js - ::1
[2026-07-08 18:22:49] info: GET /app.js - ::1
[2026-07-08 18:22:49] info: GET /login.html - ::1
[2026-07-08 18:22:49] info: GET /style.css - ::1
[2026-07-08 18:22:49] info: GET /icon.css - ::1
[2026-07-08 18:22:49] info: GET /api.js - ::1
[2026-07-08 18:22:49] info: GET /favicon.ico - ::1
[2026-07-08 18:25:40] info: 🚀 Server running on http://localhost:5000
[2026-07-08 18:25:41] info: ✅ PostgreSQL database connected successfully
[2026-07-08 18:27:20] info: 🚀 Server running on http://localhost:5000
[2026-07-08 18:27:20] info: ✅ PostgreSQL database connected successfully
[2026-07-08 18:32:25] info: GET /login.html - ::1
[2026-07-08 18:32:25] info: GET /style.css - ::1
[2026-07-08 18:32:25] info: GET /icon.css - ::1
[2026-07-08 18:32:25] info: GET /api.js - ::1
[2026-07-08 18:32:26] info: GET /favicon.ico - ::1
[2026-07-08 18:32:38] info: POST /api/auth/login - ::1
[2026-07-08 18:32:38] info: User logged in: cbx (kalebmitiku55@gmail.com)
[2026-07-08 18:32:38] info: GET / - ::1
[2026-07-08 18:32:38] info: GET /style.css - ::1
[2026-07-08 18:32:38] info: GET /icon.css - ::1
[2026-07-08 18:32:38] info: GET /api.js - ::1
[2026-07-08 18:32:38] info: GET /app.js - ::1
[2026-07-08 18:32:39] info: GET /api/trades - ::1
[2026-07-08 18:32:39] debug: User cbx (1) authenticated
[2026-07-08 18:32:39] info: GET /favicon.ico - ::1
[2026-07-08 18:32:39] info: GET /api/trades/statistics - ::1
[2026-07-08 18:32:39] debug: User cbx (1) authenticated
[2026-07-08 18:33:12] info: GET /login.html - ::1
[2026-07-08 18:33:12] info: GET /style.css - ::1
[2026-07-08 18:33:12] info: GET /icon.css - ::1
[2026-07-08 18:33:12] info: GET /api.js - ::1
[2026-07-08 18:33:12] info: GET /favicon.ico - ::1
[2026-07-08 18:33:21] info: POST /api/auth/login - ::1
[2026-07-08 18:33:22] info: User logged in: cbx (kalebmitiku55@gmail.com)
[2026-07-08 18:33:22] info: GET / - ::1
[2026-07-08 18:33:22] info: GET /style.css - ::1
[2026-07-08 18:33:22] info: GET /icon.css - ::1
[2026-07-08 18:33:22] info: GET /app.js - ::1
[2026-07-08 18:33:22] info: GET /api.js - ::1
[2026-07-08 18:33:22] info: GET /api/trades - ::1
[2026-07-08 18:33:22] debug: User cbx (1) authenticated
[2026-07-08 18:33:22] info: GET /api/trades/statistics - ::1
[2026-07-08 18:33:22] info: GET /favicon.ico - ::1
[2026-07-08 18:33:22] debug: User cbx (1) authenticated
[2026-07-08 18:33:30] info: GET /add-trade.html - ::1
[2026-07-08 18:33:30] info: GET /style.css - ::1
[2026-07-08 18:33:30] info: GET /icon.css - ::1
[2026-07-08 18:33:30] info: GET /add-trade.js - ::1
[2026-07-08 18:33:30] info: GET /api.js - ::1
[2026-07-08 18:33:30] info: GET /favicon.ico - ::1
[2026-07-08 18:34:36] info: POST /api/trades - ::1
[2026-07-08 18:34:36] debug: User cbx (1) authenticated
[2026-07-08 18:34:36] info: Trade created: XAUUSD for user 1
[2026-07-08 18:34:36] info: Trade created: XAUUSD by user cbx
[2026-07-08 18:34:38] info: GET /index.html - ::1
[2026-07-08 18:34:38] info: GET /style.css - ::1
[2026-07-08 18:34:38] info: GET /icon.css - ::1
[2026-07-08 18:34:38] info: GET /api.js - ::1
[2026-07-08 18:34:38] info: GET /app.js - ::1
[2026-07-08 18:34:38] info: GET /api/trades - ::1
[2026-07-08 18:34:38] debug: User cbx (1) authenticated
[2026-07-08 18:34:38] info: GET /api/trades/statistics - ::1
[2026-07-08 18:34:38] debug: User cbx (1) authenticated
[2026-07-08 18:34:38] info: GET /favicon.ico - ::1
[2026-07-08 18:34:46] info: GET /add-trade.html - ::1
[2026-07-08 18:34:46] info: GET /style.css - ::1
[2026-07-08 18:34:46] info: GET /icon.css - ::1
[2026-07-08 18:34:46] info: GET /api.js - ::1
[2026-07-08 18:34:46] info: GET /add-trade.js - ::1
[2026-07-08 18:34:46] info: GET /favicon.ico - ::1
[2026-07-08 18:35:32] info: POST /api/trades - ::1
[2026-07-08 18:35:32] debug: User cbx (1) authenticated
[2026-07-08 18:35:33] info: Trade created: SP500 for user 1
[2026-07-08 18:35:33] info: Trade created: SP500 by user cbx
[2026-07-08 18:35:34] info: GET /index.html - ::1
[2026-07-08 18:35:34] info: GET /style.css - ::1
[2026-07-08 18:35:34] info: GET /icon.css - ::1
[2026-07-08 18:35:34] info: GET /api.js - ::1
[2026-07-08 18:35:34] info: GET /app.js - ::1
[2026-07-08 18:35:34] info: GET /api/trades - ::1
[2026-07-08 18:35:34] debug: User cbx (1) authenticated
[2026-07-08 18:35:34] info: GET /api/trades/statistics - ::1
[2026-07-08 18:35:34] info: GET /favicon.ico - ::1
[2026-07-08 18:35:34] debug: User cbx (1) authenticated
[2026-07-08 18:35:46] info: GET /trades.html - ::1
[2026-07-08 18:35:46] info: GET /style.css - ::1
[2026-07-08 18:35:46] info: GET /icon.css - ::1
[2026-07-08 18:35:46] info: GET /api.js - ::1
[2026-07-08 18:35:46] info: GET /trades.js - ::1
[2026-07-08 18:35:46] info: GET /api/trades - ::1
[2026-07-08 18:35:46] debug: User cbx (1) authenticated
[2026-07-08 18:35:46] info: GET /api/trades/assets - ::1
[2026-07-08 18:35:46] debug: User cbx (1) authenticated
[2026-07-08 18:35:46] info: GET /api/trades/assets - ::1
[2026-07-08 18:35:46] debug: User cbx (1) authenticated
[2026-07-08 18:35:46] info: GET /favicon.ico - ::1
[2026-07-08 18:35:52] info: GET /add-trade.html?edit=2 - ::1
[2026-07-08 18:35:52] info: GET /style.css - ::1
[2026-07-08 18:35:52] info: GET /icon.css - ::1
[2026-07-08 18:35:52] info: GET /api.js - ::1
[2026-07-08 18:35:52] info: GET /add-trade.js - ::1
[2026-07-08 18:35:52] info: GET /api/trades/2 - ::1
[2026-07-08 18:35:52] debug: User cbx (1) authenticated
[2026-07-08 18:35:52] info: GET /favicon.ico - ::1
[2026-07-08 18:35:59] info: GET /login.html - ::1
[2026-07-08 18:35:59] info: GET /style.css - ::1
[2026-07-08 18:35:59] info: GET /icon.css - ::1
[2026-07-08 18:35:59] info: GET /api.js - ::1
[2026-07-08 18:35:59] info: GET /favicon.ico - ::1
[2026-07-08 18:36:07] info: POST /api/auth/login - ::1
[2026-07-08 18:36:27] info: POST /api/auth/login - ::1
[2026-07-08 18:40:11] info: GET /login.html - ::1
[2026-07-08 18:40:11] info: GET /style.css - ::1
[2026-07-08 18:40:11] info: GET /icon.css - ::1
[2026-07-08 18:40:11] info: GET /api.js - ::1
[2026-07-08 18:40:11] info: GET /favicon.ico - ::1
[2026-07-08 18:40:17] info: GET /login.html - ::1
[2026-07-08 18:40:17] info: GET /style.css - ::1
[2026-07-08 18:40:17] info: GET /icon.css - ::1
[2026-07-08 18:40:17] info: GET /api.js - ::1
[2026-07-08 18:40:17] info: GET /favicon.ico - ::1
[2026-07-08 18:43:33] info: GET /login.html - ::1
[2026-07-08 18:43:33] info: GET /style.css - ::1
[2026-07-08 18:43:33] info: GET /icon.css - ::1
[2026-07-08 18:43:33] info: GET /api.js - ::1
[2026-07-08 18:43:33] info: GET /favicon.ico - ::1
[2026-07-08 18:43:35] info: GET /login.html - ::1
[2026-07-08 18:43:35] info: GET /style.css - ::1
[2026-07-08 18:43:35] info: GET /icon.css - ::1
[2026-07-08 18:43:35] info: GET /api.js - ::1
[2026-07-08 18:43:35] info: GET /favicon.ico - ::1
[2026-07-08 18:43:35] info: GET /login.html - ::1
[2026-07-08 18:43:36] info: GET /style.css - ::1
[2026-07-08 18:43:36] info: GET /icon.css - ::1
[2026-07-08 18:43:36] info: GET /api.js - ::1
[2026-07-08 18:43:36] info: GET /favicon.ico - ::1
[2026-07-08 18:43:54] info: 🚀 Server running on http://localhost:5000
[2026-07-08 18:43:54] info: ✅ PostgreSQL database connected successfully
[2026-07-08 18:44:10] info: 🚀 Server running on http://localhost:5000
[2026-07-08 18:44:10] info: ✅ PostgreSQL database connected successfully
[2026-07-08 18:44:19] info: GET / - ::1
[2026-07-08 18:44:19] info: GET /style.css - ::1
[2026-07-08 18:44:19] info: GET /icon.css - ::1
[2026-07-08 18:44:19] info: GET /api.js - ::1
[2026-07-08 18:44:19] info: GET /app.js - ::1
[2026-07-08 18:44:19] info: GET /login.html - ::1
[2026-07-08 18:44:19] info: GET /style.css - ::1
[2026-07-08 18:44:19] info: GET /icon.css - ::1
[2026-07-08 18:44:19] info: GET /api.js - ::1
[2026-07-08 18:44:19] info: GET /favicon.ico - ::1
[2026-07-08 18:46:19] info: GET /login.html - ::1
[2026-07-08 18:46:19] info: GET /style.css - ::1
[2026-07-08 18:46:19] info: GET /icon.css - ::1
[2026-07-08 18:46:19] info: GET /api.js - ::1
[2026-07-08 18:46:19] info: GET /favicon.ico - ::1
[2026-07-08 18:48:04] info: GET /login.html - ::1
[2026-07-08 18:48:04] info: GET /style.css - ::1
[2026-07-08 18:48:04] info: GET /icon.css - ::1
[2026-07-08 18:48:04] info: GET /api.js - ::1
[2026-07-08 18:48:04] info: GET /favicon.ico - ::1
[2026-07-08 18:48:10] info: GET /register.html - ::1
[2026-07-08 18:48:10] info: GET /style.css - ::1
[2026-07-08 18:48:10] info: GET /icon.css - ::1
[2026-07-08 18:48:10] info: GET /api.js - ::1
[2026-07-08 18:48:10] info: GET /favicon.ico - ::1
[2026-07-08 18:50:01] info: GET /register.html - ::1
[2026-07-08 18:50:01] info: GET /style.css - ::1
[2026-07-08 18:50:01] info: GET /icon.css - ::1
[2026-07-08 18:50:01] info: GET /api.js - ::1
[2026-07-08 18:50:01] info: GET /favicon.ico - ::1
[2026-07-08 18:50:05] info: GET /register.html - ::1
[2026-07-08 18:50:05] info: GET /style.css - ::1
[2026-07-08 18:50:05] info: GET /icon.css - ::1
[2026-07-08 18:50:05] info: GET /api.js - ::1
[2026-07-08 18:50:05] info: GET /favicon.ico - ::1
[2026-07-08 18:50:06] info: GET /register.html - ::1
[2026-07-08 18:50:06] info: GET /style.css - ::1
[2026-07-08 18:50:06] info: GET /icon.css - ::1
[2026-07-08 18:50:06] info: GET /api.js - ::1
[2026-07-08 18:50:06] info: GET /favicon.ico - ::1
[2026-07-08 18:50:06] info: GET /register.html - ::1
[2026-07-08 18:50:06] info: GET /style.css - ::1
[2026-07-08 18:50:06] info: GET /icon.css - ::1
[2026-07-08 18:50:06] info: GET /api.js - ::1
[2026-07-08 18:50:06] info: GET /favicon.ico - ::1
[2026-07-08 18:50:30] info: GET /register.html - ::1
[2026-07-08 18:50:30] info: GET /style.css - ::1
[2026-07-08 18:50:30] info: GET /icon.css - ::1
[2026-07-08 18:50:30] info: GET /api.js - ::1
[2026-07-08 18:50:30] info: GET /favicon.ico - ::1
[2026-07-08 18:50:31] info: GET /register.html - ::1
[2026-07-08 18:50:31] info: GET /style.css - ::1
[2026-07-08 18:50:31] info: GET /icon.css - ::1
[2026-07-08 18:50:31] info: GET /api.js - ::1
[2026-07-08 18:50:31] info: GET /favicon.ico - ::1
[2026-07-08 18:53:48] info: GET /register.html - ::1
[2026-07-08 18:53:48] info: GET /style.css - ::1
[2026-07-08 18:53:48] info: GET /icon.css - ::1
[2026-07-08 18:53:48] info: GET /api.js - ::1
[2026-07-08 18:53:48] info: GET /favicon.ico - ::1
[2026-07-08 18:53:57] info: GET /login.html - ::1
[2026-07-08 18:53:57] info: GET /style.css - ::1
[2026-07-08 18:53:57] info: GET /icon.css - ::1
[2026-07-08 18:53:57] info: GET /api.js - ::1
[2026-07-08 18:53:57] info: GET /favicon.ico - ::1
[2026-07-08 18:55:14] info: POST /api/auth/login - ::1
[2026-07-08 18:55:14] info: User logged in: cbx (kalebmitiku55@gmail.com)
[2026-07-08 18:55:15] info: GET / - ::1
[2026-07-08 18:55:15] info: GET /style.css - ::1
[2026-07-08 18:55:15] info: GET /icon.css - ::1
[2026-07-08 18:55:15] info: GET /api.js - ::1
[2026-07-08 18:55:15] info: GET /app.js - ::1
[2026-07-08 18:55:15] info: GET /api/trades - ::1
[2026-07-08 18:55:15] debug: User cbx (1) authenticated
[2026-07-08 18:55:15] info: GET /api/trades/statistics - ::1
[2026-07-08 18:55:15] info: GET /favicon.ico - ::1
[2026-07-08 18:55:15] debug: User cbx (1) authenticated
[2026-07-08 18:55:23] info: GET /trades.html - ::1
[2026-07-08 18:55:24] info: GET /style.css - ::1
[2026-07-08 18:55:24] info: GET /icon.css - ::1
[2026-07-08 18:55:24] info: GET /api.js - ::1
[2026-07-08 18:55:24] info: GET /trades.js - ::1
[2026-07-08 18:55:24] info: GET /api/trades - ::1
[2026-07-08 18:55:24] debug: User cbx (1) authenticated
[2026-07-08 18:55:24] info: GET /api/trades/assets - ::1
[2026-07-08 18:55:24] debug: User cbx (1) authenticated
[2026-07-08 18:55:24] info: GET /api/trades/assets - ::1
[2026-07-08 18:55:24] debug: User cbx (1) authenticated
[2026-07-08 18:55:24] info: GET /favicon.ico - ::1
[2026-07-08 18:55:29] info: GET /add-trade.html - ::1
[2026-07-08 18:55:29] info: GET /style.css - ::1
[2026-07-08 18:55:29] info: GET /icon.css - ::1
[2026-07-08 18:55:29] info: GET /add-trade.js - ::1
[2026-07-08 18:55:29] info: GET /api.js - ::1
[2026-07-08 18:55:29] info: GET /favicon.ico - ::1
[2026-07-08 18:55:36] info: GET /index.html - ::1
[2026-07-08 18:55:36] info: GET /style.css - ::1
[2026-07-08 18:55:36] info: GET /icon.css - ::1
[2026-07-08 18:55:36] info: GET /api.js - ::1
[2026-07-08 18:55:36] info: GET /app.js - ::1
[2026-07-08 18:55:36] info: GET /api/trades - ::1
[2026-07-08 18:55:36] debug: User cbx (1) authenticated
[2026-07-08 18:55:36] info: GET /api/trades/statistics - ::1
[2026-07-08 18:55:36] debug: User cbx (1) authenticated
[2026-07-08 18:55:36] info: GET /favicon.ico - ::1
[2026-07-08 18:55:41] info: GET /trades.html - ::1
[2026-07-08 18:55:41] info: GET /style.css - ::1
[2026-07-08 18:55:41] info: GET /icon.css - ::1
[2026-07-08 18:55:41] info: GET /api.js - ::1
[2026-07-08 18:55:41] info: GET /trades.js - ::1
[2026-07-08 18:55:41] info: GET /api/trades - ::1
[2026-07-08 18:55:41] debug: User cbx (1) authenticated
[2026-07-08 18:55:41] info: GET /api/trades/assets - ::1
[2026-07-08 18:55:41] info: GET /favicon.ico - ::1
[2026-07-08 18:55:41] debug: User cbx (1) authenticated
[2026-07-08 18:55:41] info: GET /api/trades/assets - ::1
[2026-07-08 18:55:41] debug: User cbx (1) authenticated
[2026-07-08 18:55:42] info: GET /index.html - ::1
[2026-07-08 18:55:42] info: GET /style.css - ::1
[2026-07-08 18:55:42] info: GET /icon.css - ::1
[2026-07-08 18:55:42] info: GET /api.js - ::1
[2026-07-08 18:55:42] info: GET /app.js - ::1
[2026-07-08 18:55:42] info: GET /api/trades - ::1
[2026-07-08 18:55:42] debug: User cbx (1) authenticated
[2026-07-08 18:55:42] info: GET /api/trades/statistics - ::1
[2026-07-08 18:55:42] debug: User cbx (1) authenticated
[2026-07-08 18:55:42] info: GET /favicon.ico - ::1
[2026-07-08 18:56:11] info: GET /trades.html - ::1
[2026-07-08 18:56:11] info: GET /style.css - ::1
[2026-07-08 18:56:11] info: GET /icon.css - ::1
[2026-07-08 18:56:11] info: GET /api.js - ::1
[2026-07-08 18:56:11] info: GET /trades.js - ::1
[2026-07-08 18:56:11] info: GET /api/trades - ::1
[2026-07-08 18:56:11] debug: User cbx (1) authenticated
[2026-07-08 18:56:11] info: GET /api/trades/assets - ::1
[2026-07-08 18:56:11] info: GET /favicon.ico - ::1
[2026-07-08 18:56:11] debug: User cbx (1) authenticated
[2026-07-08 18:56:11] info: GET /api/trades/assets - ::1
[2026-07-08 18:56:11] debug: User cbx (1) authenticated
[2026-07-08 18:56:13] info: GET /add-trade.html?edit=2 - ::1
[2026-07-08 18:56:13] info: GET /style.css - ::1
[2026-07-08 18:56:13] info: GET /icon.css - ::1
[2026-07-08 18:56:13] info: GET /api.js - ::1
[2026-07-08 18:56:13] info: GET /add-trade.js - ::1
[2026-07-08 18:56:13] info: GET /api/trades/2 - ::1
[2026-07-08 18:56:13] debug: User cbx (1) authenticated
[2026-07-08 18:56:13] info: GET /favicon.ico - ::1
[2026-07-08 18:56:25] info: PUT /api/trades/2 - ::1
[2026-07-08 18:56:25] debug: User cbx (1) authenticated
[2026-07-08 18:56:25] info: Trade updated: SP500 for user 1
[2026-07-08 18:56:27] info: GET /trades.html - ::1
[2026-07-08 18:56:27] info: GET /style.css - ::1
[2026-07-08 18:56:27] info: GET /icon.css - ::1
[2026-07-08 18:56:27] info: GET /api.js - ::1
[2026-07-08 18:56:27] info: GET /trades.js - ::1
[2026-07-08 18:56:27] info: GET /api/trades - ::1
[2026-07-08 18:56:27] debug: User cbx (1) authenticated
[2026-07-08 18:56:27] info: GET /api/trades/assets - ::1
[2026-07-08 18:56:27] debug: User cbx (1) authenticated
[2026-07-08 18:56:27] info: GET /api/trades/assets - ::1
[2026-07-08 18:56:27] debug: User cbx (1) authenticated
[2026-07-08 18:56:27] info: GET /favicon.ico - ::1
[2026-07-08 18:56:32] info: GET /index.html - ::1
[2026-07-08 18:56:32] info: GET /style.css - ::1
[2026-07-08 18:56:32] info: GET /icon.css - ::1
[2026-07-08 18:56:32] info: GET /api.js - ::1
[2026-07-08 18:56:32] info: GET /app.js - ::1
[2026-07-08 18:56:32] info: GET /api/trades - ::1
[2026-07-08 18:56:32] debug: User cbx (1) authenticated
[2026-07-08 18:56:32] info: GET /api/trades/statistics - ::1
[2026-07-08 18:56:32] debug: User cbx (1) authenticated
[2026-07-08 18:56:32] info: GET /favicon.ico - ::1
[2026-07-08 18:57:06] info: GET /trades.html - ::1
[2026-07-08 18:57:06] info: GET /style.css - ::1
[2026-07-08 18:57:06] info: GET /icon.css - ::1
[2026-07-08 18:57:06] info: GET /api.js - ::1
[2026-07-08 18:57:06] info: GET /trades.js - ::1
[2026-07-08 18:57:06] info: GET /api/trades - ::1
[2026-07-08 18:57:06] debug: User cbx (1) authenticated
[2026-07-08 18:57:06] info: GET /favicon.ico - ::1
[2026-07-08 18:57:06] info: GET /api/trades/assets - ::1
[2026-07-08 18:57:06] debug: User cbx (1) authenticated
[2026-07-08 18:57:06] info: GET /api/trades/assets - ::1
[2026-07-08 18:57:06] debug: User cbx (1) authenticated
[2026-07-08 18:57:09] info: GET /add-trade.html?edit=2 - ::1
[2026-07-08 18:57:09] info: GET /style.css - ::1
[2026-07-08 18:57:09] info: GET /icon.css - ::1
[2026-07-08 18:57:09] info: GET /api.js - ::1
[2026-07-08 18:57:09] info: GET /add-trade.js - ::1
[2026-07-08 18:57:09] info: GET /api/trades/2 - ::1
[2026-07-08 18:57:09] debug: User cbx (1) authenticated
[2026-07-08 18:57:09] info: GET /favicon.ico - ::1
[2026-07-08 18:57:39] info: PUT /api/trades/2 - ::1
[2026-07-08 18:57:39] debug: User cbx (1) authenticated
[2026-07-08 18:57:39] info: Trade updated: SP500 for user 1
[2026-07-08 18:57:41] info: GET /trades.html - ::1
[2026-07-08 18:57:41] info: GET /style.css - ::1
[2026-07-08 18:57:41] info: GET /icon.css - ::1
[2026-07-08 18:57:41] info: GET /api.js - ::1
[2026-07-08 18:57:41] info: GET /trades.js - ::1
[2026-07-08 18:57:41] info: GET /api/trades - ::1
[2026-07-08 18:57:41] debug: User cbx (1) authenticated
[2026-07-08 18:57:41] info: GET /api/trades/assets - ::1
[2026-07-08 18:57:41] info: GET /favicon.ico - ::1
[2026-07-08 18:57:41] debug: User cbx (1) authenticated
[2026-07-08 18:57:41] info: GET /api/trades/assets - ::1
[2026-07-08 18:57:41] debug: User cbx (1) authenticated
[2026-07-08 18:57:45] info: GET /index.html - ::1
[2026-07-08 18:57:45] info: GET /style.css - ::1
[2026-07-08 18:57:45] info: GET /icon.css - ::1
[2026-07-08 18:57:45] info: GET /api.js - ::1
[2026-07-08 18:57:45] info: GET /app.js - ::1
[2026-07-08 18:57:45] info: GET /api/trades - ::1
[2026-07-08 18:57:45] debug: User cbx (1) authenticated
[2026-07-08 18:57:45] info: GET /favicon.ico - ::1
[2026-07-08 18:57:45] info: GET /api/trades/statistics - ::1
[2026-07-08 18:57:45] debug: User cbx (1) authenticated
[2026-07-08 19:25:00] info: GET /index.html - ::1
[2026-07-08 19:25:00] info: GET /style.css - ::1
[2026-07-08 19:25:00] info: GET /icon.css - ::1
[2026-07-08 19:25:00] info: GET /api.js - ::1
[2026-07-08 19:25:00] info: GET /app.js - ::1
[2026-07-08 19:25:00] info: GET /api/trades - ::1
[2026-07-08 19:25:00] debug: User cbx (1) authenticated
[2026-07-08 19:25:00] info: GET /favicon.ico - ::1
[2026-07-08 19:25:00] info: GET /api/trades/statistics - ::1
[2026-07-08 19:25:00] debug: User cbx (1) authenticated
[2026-07-08 19:25:23] info: GET /trades.html - ::1
[2026-07-08 19:25:23] info: GET /style.css - ::1
[2026-07-08 19:25:23] info: GET /icon.css - ::1
[2026-07-08 19:25:23] info: GET /api.js - ::1
[2026-07-08 19:25:23] info: GET /trades.js - ::1
[2026-07-08 19:25:23] info: GET /api/trades - ::1
[2026-07-08 19:25:23] debug: User cbx (1) authenticated
[2026-07-08 19:25:23] info: GET /api/trades/assets - ::1
[2026-07-08 19:25:23] debug: User cbx (1) authenticated
[2026-07-08 19:25:23] info: GET /api/trades/assets - ::1
[2026-07-08 19:25:23] debug: User cbx (1) authenticated
[2026-07-08 19:25:23] info: GET /favicon.ico - ::1
[2026-07-08 19:25:27] info: GET /add-trade.html?edit=2 - ::1
[2026-07-08 19:25:27] info: GET /style.css - ::1
[2026-07-08 19:25:27] info: GET /icon.css - ::1
[2026-07-08 19:25:27] info: GET /api.js - ::1
[2026-07-08 19:25:27] info: GET /add-trade.js - ::1
[2026-07-08 19:25:27] info: GET /api/trades/2 - ::1
[2026-07-08 19:25:27] debug: User cbx (1) authenticated
[2026-07-08 19:25:27] info: GET /favicon.ico - ::1
[2026-07-08 19:25:36] info: GET /index.html - ::1
[2026-07-08 19:25:36] info: GET /style.css - ::1
[2026-07-08 19:25:36] info: GET /icon.css - ::1
[2026-07-08 19:25:36] info: GET /api.js - ::1
[2026-07-08 19:25:37] info: GET /app.js - ::1
[2026-07-08 19:25:37] info: GET /api/trades - ::1
[2026-07-08 19:25:37] debug: User cbx (1) authenticated
[2026-07-08 19:25:37] info: GET /api/trades/statistics - ::1
[2026-07-08 19:25:37] info: GET /favicon.ico - ::1
[2026-07-08 19:25:37] debug: User cbx (1) authenticated
[2026-07-08 19:27:49] info: GET /add-trade.html - ::1
[2026-07-08 19:27:49] info: GET /style.css - ::1
[2026-07-08 19:27:49] info: GET /icon.css - ::1
[2026-07-08 19:27:49] info: GET /api.js - ::1
[2026-07-08 19:27:49] info: GET /add-trade.js - ::1
[2026-07-08 19:27:49] info: GET /favicon.ico - ::1
[2026-07-08 19:27:50] info: GET /trades.html - ::1
[2026-07-08 19:27:50] info: GET /style.css - ::1
[2026-07-08 19:27:50] info: GET /icon.css - ::1
[2026-07-08 19:27:50] info: GET /api.js - ::1
[2026-07-08 19:27:50] info: GET /trades.js - ::1
[2026-07-08 19:27:50] info: GET /api/trades - ::1
[2026-07-08 19:27:50] debug: User cbx (1) authenticated
[2026-07-08 19:27:51] info: GET /favicon.ico - ::1
[2026-07-08 19:27:51] info: GET /api/trades/assets - ::1
[2026-07-08 19:27:51] debug: User cbx (1) authenticated
[2026-07-08 19:27:51] info: GET /api/trades/assets - ::1
[2026-07-08 19:27:51] debug: User cbx (1) authenticated
[2026-07-08 19:27:53] info: GET /add-trade.html?edit=1 - ::1
[2026-07-08 19:27:53] info: GET /style.css - ::1
[2026-07-08 19:27:53] info: GET /icon.css - ::1
[2026-07-08 19:27:53] info: GET /api.js - ::1
[2026-07-08 19:27:53] info: GET /add-trade.js - ::1
[2026-07-08 19:27:53] info: GET /api/trades/1 - ::1
[2026-07-08 19:27:53] debug: User cbx (1) authenticated
[2026-07-08 19:27:53] info: GET /favicon.ico - ::1
[2026-07-08 19:28:21] info: GET /index.html - ::1
[2026-07-08 19:28:21] info: GET /style.css - ::1
[2026-07-08 19:28:21] info: GET /icon.css - ::1
[2026-07-08 19:28:21] info: GET /api.js - ::1
[2026-07-08 19:28:21] info: GET /app.js - ::1
[2026-07-08 19:28:21] info: GET /api/trades - ::1
[2026-07-08 19:28:21] debug: User cbx (1) authenticated
[2026-07-08 19:28:21] info: GET /api/trades/statistics - ::1
[2026-07-08 19:28:21] info: GET /favicon.ico - ::1
[2026-07-08 19:28:21] debug: User cbx (1) authenticated
[2026-07-08 19:28:28] info: GET /trades.html - ::1
[2026-07-08 19:28:28] info: GET /style.css - ::1
[2026-07-08 19:28:28] info: GET /icon.css - ::1
[2026-07-08 19:28:28] info: GET /api.js - ::1
[2026-07-08 19:28:28] info: GET /trades.js - ::1
[2026-07-08 19:28:28] info: GET /api/trades - ::1
[2026-07-08 19:28:28] debug: User cbx (1) authenticated
[2026-07-08 19:28:28] info: GET /api/trades/assets - ::1
[2026-07-08 19:28:28] debug: User cbx (1) authenticated
[2026-07-08 19:28:28] info: GET /favicon.ico - ::1
[2026-07-08 19:28:28] info: GET /api/trades/assets - ::1
[2026-07-08 19:28:28] debug: User cbx (1) authenticated
[2026-07-08 19:28:30] info: GET /api/trades - ::1
[2026-07-08 19:28:30] debug: User cbx (1) authenticated
[2026-07-08 19:28:30] info: GET /api/trades/assets - ::1
[2026-07-08 19:28:30] debug: User cbx (1) authenticated
[2026-07-08 19:28:38] info: GET /api/trades - ::1
[2026-07-08 19:28:38] debug: User cbx (1) authenticated
[2026-07-08 19:28:38] info: GET /api/trades/statistics - ::1
[2026-07-08 19:28:38] debug: User cbx (1) authenticated
[2026-07-08 19:28:45] info: GET /add-trade.html - ::1
[2026-07-08 19:28:45] info: GET /style.css - ::1
[2026-07-08 19:28:45] info: GET /icon.css - ::1
[2026-07-08 19:28:45] info: GET /api.js - ::1
[2026-07-08 19:28:45] info: GET /add-trade.js - ::1
[2026-07-08 19:28:45] info: GET /favicon.ico - ::1
[2026-07-08 19:28:47] info: GET /trades.html - ::1
[2026-07-08 19:28:47] info: GET /style.css - ::1
[2026-07-08 19:28:47] info: GET /icon.css - ::1
[2026-07-08 19:28:47] info: GET /api.js - ::1
[2026-07-08 19:28:47] info: GET /trades.js - ::1
[2026-07-08 19:28:47] info: GET /api/trades - ::1
[2026-07-08 19:28:47] debug: User cbx (1) authenticated
[2026-07-08 19:28:47] info: GET /api/trades/assets - ::1
[2026-07-08 19:28:47] debug: User cbx (1) authenticated
[2026-07-08 19:28:47] info: GET /api/trades/assets - ::1
[2026-07-08 19:28:47] debug: User cbx (1) authenticated
[2026-07-08 19:28:47] info: GET /favicon.ico - ::1
[2026-07-08 19:33:21] info: GET /index.html - ::1
[2026-07-08 19:33:21] info: GET /style.css - ::1
[2026-07-08 19:33:21] info: GET /icon.css - ::1
[2026-07-08 19:33:21] info: GET /api.js - ::1
[2026-07-08 19:33:21] info: GET /app.js - ::1
[2026-07-08 19:33:21] info: GET /api/trades - ::1
[2026-07-08 19:33:21] debug: User cbx (1) authenticated
[2026-07-08 19:33:21] info: GET /favicon.ico - ::1
[2026-07-08 19:33:22] info: GET /api/trades/statistics - ::1
[2026-07-08 19:33:22] debug: User cbx (1) authenticated
[2026-07-08 19:33:27] info: GET /index.html - ::1
[2026-07-08 19:33:27] info: GET /style.css - ::1
[2026-07-08 19:33:27] info: GET /icon.css - ::1
[2026-07-08 19:33:27] info: GET /api.js - ::1
[2026-07-08 19:33:27] info: GET /app.js - ::1
[2026-07-08 19:33:27] info: GET /api/trades - ::1
[2026-07-08 19:33:27] debug: User cbx (1) authenticated
[2026-07-08 19:33:27] info: GET /favicon.ico - ::1
[2026-07-08 19:33:27] info: GET /api/trades/statistics - ::1
[2026-07-08 19:33:27] debug: User cbx (1) authenticated
[2026-07-08 19:33:28] info: GET /index.html - ::1
[2026-07-08 19:33:28] info: GET /style.css - ::1
[2026-07-08 19:33:28] info: GET /icon.css - ::1
[2026-07-08 19:33:28] info: GET /api.js - ::1
[2026-07-08 19:33:28] info: GET /app.js - ::1
[2026-07-08 19:33:28] info: GET /api/trades - ::1
[2026-07-08 19:33:28] debug: User cbx (1) authenticated
[2026-07-08 19:33:28] info: GET /api/trades/statistics - ::1
[2026-07-08 19:33:28] info: GET /favicon.ico - ::1
[2026-07-08 19:33:28] debug: User cbx (1) authenticated
[2026-07-08 19:33:36] info: GET /add-trade.html - ::1
[2026-07-08 19:33:36] info: GET /style.css - ::1
[2026-07-08 19:33:36] info: GET /icon.css - ::1
[2026-07-08 19:33:36] info: GET /api.js - ::1
[2026-07-08 19:33:36] info: GET /add-trade.js - ::1
[2026-07-08 19:33:36] info: GET /favicon.ico - ::1
[2026-07-08 19:34:32] info: POST /api/trades - ::1
[2026-07-08 19:34:32] debug: User cbx (1) authenticated
[2026-07-08 19:34:32] info: Trade created: GBPUSD for user 1
[2026-07-08 19:34:32] info: Trade created: GBPUSD by user cbx
[2026-07-08 19:34:34] info: GET /index.html - ::1
[2026-07-08 19:34:35] info: GET /style.css - ::1
[2026-07-08 19:34:35] info: GET /icon.css - ::1
[2026-07-08 19:34:35] info: GET /api.js - ::1
[2026-07-08 19:34:35] info: GET /app.js - ::1
[2026-07-08 19:34:35] info: GET /api/trades - ::1
[2026-07-08 19:34:35] debug: User cbx (1) authenticated
[2026-07-08 19:34:35] info: GET /favicon.ico - ::1
[2026-07-08 19:34:35] info: GET /api/trades/statistics - ::1
[2026-07-08 19:34:35] debug: User cbx (1) authenticated
[2026-07-08 19:35:09] info: GET /trades.html - ::1
[2026-07-08 19:35:09] info: GET /style.css - ::1
[2026-07-08 19:35:09] info: GET /icon.css - ::1
[2026-07-08 19:35:09] info: GET /api.js - ::1
[2026-07-08 19:35:09] info: GET /trades.js - ::1
[2026-07-08 19:35:09] info: GET /api/trades - ::1
[2026-07-08 19:35:09] debug: User cbx (1) authenticated
[2026-07-08 19:35:09] info: GET /favicon.ico - ::1
[2026-07-08 19:35:10] info: GET /api/trades/assets - ::1
[2026-07-08 19:35:10] debug: User cbx (1) authenticated
[2026-07-08 19:35:10] info: GET /api/trades/assets - ::1
[2026-07-08 19:35:10] debug: User cbx (1) authenticated
[2026-07-08 19:35:12] info: GET /add-trade.html?edit=3 - ::1
[2026-07-08 19:35:12] info: GET /style.css - ::1
[2026-07-08 19:35:12] info: GET /icon.css - ::1
[2026-07-08 19:35:12] info: GET /api.js - ::1
[2026-07-08 19:35:12] info: GET /add-trade.js - ::1
[2026-07-08 19:35:12] info: GET /api/trades/3 - ::1
[2026-07-08 19:35:12] debug: User cbx (1) authenticated
[2026-07-08 19:35:12] info: GET /favicon.ico - ::1
[2026-07-08 19:35:34] info: GET /trades.html - ::1
[2026-07-08 19:35:35] info: GET /style.css - ::1
[2026-07-08 19:35:35] info: GET /icon.css - ::1
[2026-07-08 19:35:35] info: GET /api.js - ::1
[2026-07-08 19:35:35] info: GET /trades.js - ::1
[2026-07-08 19:35:35] info: GET /api/trades - ::1
[2026-07-08 19:35:35] debug: User cbx (1) authenticated
[2026-07-08 19:35:35] info: GET /api/trades/assets - ::1
[2026-07-08 19:35:35] debug: User cbx (1) authenticated
[2026-07-08 19:35:35] info: GET /api/trades/assets - ::1
[2026-07-08 19:35:35] debug: User cbx (1) authenticated
[2026-07-08 19:35:35] info: GET /favicon.ico - ::1
[2026-07-08 19:35:43] info: GET /add-trade.html?edit=3 - ::1
[2026-07-08 19:35:44] info: GET /style.css - ::1
[2026-07-08 19:35:44] info: GET /icon.css - ::1
[2026-07-08 19:35:44] info: GET /api.js - ::1
[2026-07-08 19:35:44] info: GET /add-trade.js - ::1
[2026-07-08 19:35:44] info: GET /api/trades/3 - ::1
[2026-07-08 19:35:44] debug: User cbx (1) authenticated
[2026-07-08 19:35:44] info: GET /favicon.ico - ::1
[2026-07-08 19:35:57] info: PUT /api/trades/3 - ::1
[2026-07-08 19:35:57] debug: User cbx (1) authenticated
[2026-07-08 19:35:58] info: Trade updated: GBPUSD for user 1
[2026-07-08 19:35:59] info: GET /trades.html - ::1
[2026-07-08 19:35:59] info: GET /style.css - ::1
[2026-07-08 19:35:59] info: GET /icon.css - ::1
[2026-07-08 19:35:59] info: GET /trades.js - ::1
[2026-07-08 19:35:59] info: GET /api.js - ::1
[2026-07-08 19:35:59] info: GET /api/trades - ::1
[2026-07-08 19:35:59] debug: User cbx (1) authenticated
[2026-07-08 19:35:59] info: GET /api/trades/assets - ::1
[2026-07-08 19:35:59] debug: User cbx (1) authenticated
[2026-07-08 19:35:59] info: GET /favicon.ico - ::1
[2026-07-08 19:35:59] info: GET /api/trades/assets - ::1
[2026-07-08 19:35:59] debug: User cbx (1) authenticated
[2026-07-08 19:36:06] info: GET /index.html - ::1
[2026-07-08 19:36:06] info: GET /style.css - ::1
[2026-07-08 19:36:06] info: GET /icon.css - ::1
[2026-07-08 19:36:06] info: GET /api.js - ::1
[2026-07-08 19:36:06] info: GET /app.js - ::1
[2026-07-08 19:36:06] info: GET /api/trades - ::1
[2026-07-08 19:36:06] debug: User cbx (1) authenticated
[2026-07-08 19:36:06] info: GET /api/trades/statistics - ::1
[2026-07-08 19:36:06] debug: User cbx (1) authenticated
[2026-07-08 19:36:06] info: GET /favicon.ico - ::1
[2026-07-08 19:36:12] info: GET /trades.html - ::1
[2026-07-08 19:36:12] info: GET /style.css - ::1
[2026-07-08 19:36:12] info: GET /icon.css - ::1
[2026-07-08 19:36:12] info: GET /api.js - ::1
[2026-07-08 19:36:12] info: GET /trades.js - ::1
[2026-07-08 19:36:12] info: GET /api/trades - ::1
[2026-07-08 19:36:12] debug: User cbx (1) authenticated
[2026-07-08 19:36:12] info: GET /api/trades/assets - ::1
[2026-07-08 19:36:12] debug: User cbx (1) authenticated
[2026-07-08 19:36:12] info: GET /favicon.ico - ::1
[2026-07-08 19:36:12] info: GET /api/trades/assets - ::1
[2026-07-08 19:36:12] debug: User cbx (1) authenticated
[2026-07-08 19:36:15] info: GET /add-trade.html?edit=3 - ::1
[2026-07-08 19:36:15] info: GET /style.css - ::1
[2026-07-08 19:36:15] info: GET /icon.css - ::1
[2026-07-08 19:36:15] info: GET /api.js - ::1
[2026-07-08 19:36:15] info: GET /add-trade.js - ::1
[2026-07-08 19:36:15] info: GET /api/trades/3 - ::1
[2026-07-08 19:36:15] debug: User cbx (1) authenticated
[2026-07-08 19:36:15] info: GET /favicon.ico - ::1
[2026-07-08 19:36:35] info: PUT /api/trades/3 - ::1
[2026-07-08 19:36:35] debug: User cbx (1) authenticated
[2026-07-08 19:36:35] info: Trade updated: GBPUSD for user 1
[2026-07-08 19:36:37] info: GET /index.html - ::1
[2026-07-08 19:36:37] info: GET /style.css - ::1
[2026-07-08 19:36:37] info: GET /icon.css - ::1
[2026-07-08 19:36:37] info: GET /api.js - ::1
[2026-07-08 19:36:37] info: GET /app.js - ::1
[2026-07-08 19:36:37] info: GET /api/trades - ::1
[2026-07-08 19:36:37] debug: User cbx (1) authenticated
[2026-07-08 19:36:37] info: GET /api/trades/statistics - ::1
[2026-07-08 19:36:37] info: GET /favicon.ico - ::1
[2026-07-08 19:36:37] debug: User cbx (1) authenticated
[2026-07-08 19:37:18] info: GET /add-trade.html - ::1
[2026-07-08 19:37:18] info: GET /style.css - ::1
[2026-07-08 19:37:18] info: GET /icon.css - ::1
[2026-07-08 19:37:18] info: GET /api.js - ::1
[2026-07-08 19:37:18] info: GET /add-trade.js - ::1
[2026-07-08 19:37:18] info: GET /favicon.ico - ::1
[2026-07-08 19:38:20] info: POST /api/trades - ::1
[2026-07-08 19:38:20] debug: User cbx (1) authenticated
[2026-07-08 19:38:20] info: Trade created: SP500 for user 1
[2026-07-08 19:38:20] info: Trade created: SP500 by user cbx
[2026-07-08 19:38:22] info: GET /index.html - ::1
[2026-07-08 19:38:22] info: GET /style.css - ::1
[2026-07-08 19:38:22] info: GET /icon.css - ::1
[2026-07-08 19:38:22] info: GET /api.js - ::1
[2026-07-08 19:38:22] info: GET /app.js - ::1
[2026-07-08 19:38:22] info: GET /api/trades - ::1
[2026-07-08 19:38:22] debug: User cbx (1) authenticated
[2026-07-08 19:38:22] info: GET /favicon.ico - ::1
[2026-07-08 19:38:22] info: GET /api/trades/statistics - ::1
[2026-07-08 19:38:22] debug: User cbx (1) authenticated
[2026-07-08 19:44:51] info: GET /index.html - ::1
[2026-07-08 19:44:51] info: GET /style.css - ::1
[2026-07-08 19:44:51] info: GET /icon.css - ::1
[2026-07-08 19:44:51] info: GET /api.js - ::1
[2026-07-08 19:44:51] info: GET /app.js - ::1
[2026-07-08 19:44:51] info: GET /api/trades - ::1
[2026-07-08 19:44:51] debug: User cbx (1) authenticated
[2026-07-08 19:44:51] info: GET /favicon.ico - ::1
[2026-07-08 19:44:51] info: GET /api/trades/statistics - ::1
[2026-07-08 19:44:51] debug: User cbx (1) authenticated
[2026-07-08 19:45:36] info: GET /login.html - ::1
[2026-07-08 19:45:36] info: GET /style.css - ::1
[2026-07-08 19:45:36] info: GET /icon.css - ::1
[2026-07-08 19:45:36] info: GET /api.js - ::1
[2026-07-08 19:45:36] info: GET /favicon.ico - ::1
[2026-07-08 19:45:38] info: GET /register.html - ::1
[2026-07-08 19:45:38] info: GET /style.css - ::1
[2026-07-08 19:45:38] info: GET /icon.css - ::1
[2026-07-08 19:45:38] info: GET /api.js - ::1
[2026-07-08 19:45:38] info: GET /favicon.ico - ::1
[2026-07-08 19:46:19] info: POST /api/auth/register - ::1
[2026-07-08 19:46:26] info: POST /api/auth/register - ::1
[2026-07-08 19:46:27] info: User created: caleb (kalebmitiku5@gmail.com)
[2026-07-08 19:46:27] info: User registered: caleb (kalebmitiku5@gmail.com)
[2026-07-08 19:46:27] info: GET / - ::1
[2026-07-08 19:46:27] info: GET /style.css - ::1
[2026-07-08 19:46:27] info: GET /icon.css - ::1
[2026-07-08 19:46:27] info: GET /api.js - ::1
[2026-07-08 19:46:27] info: GET /app.js - ::1
[2026-07-08 19:46:27] info: GET /api/trades - ::1
[2026-07-08 19:46:27] debug: User caleb (2) authenticated
[2026-07-08 19:46:27] info: GET /favicon.ico - ::1
[2026-07-08 19:46:27] info: GET /api/trades/statistics - ::1
[2026-07-08 19:46:27] debug: User caleb (2) authenticated
[2026-07-08 19:46:36] info: GET /add-trade.html - ::1
[2026-07-08 19:46:36] info: GET /style.css - ::1
[2026-07-08 19:46:36] info: GET /icon.css - ::1
[2026-07-08 19:46:36] info: GET /api.js - ::1
[2026-07-08 19:46:36] info: GET /add-trade.js - ::1
[2026-07-08 19:46:36] info: GET /favicon.ico - ::1
[2026-07-08 19:50:09] info: GET /login.html - ::1
[2026-07-08 19:50:10] info: GET /style.css - ::1
[2026-07-08 19:50:10] info: GET /icon.css - ::1
[2026-07-08 19:50:10] info: GET /api.js - ::1
[2026-07-08 19:50:10] info: GET /favicon.ico - ::1
[2026-07-08 19:52:12] info: GET /login.html - ::1
[2026-07-08 19:52:12] info: GET /style.css - ::1
[2026-07-08 19:52:12] info: GET /icon.css - ::1
[2026-07-08 19:52:12] info: GET /api.js - ::1
[2026-07-08 19:52:12] info: GET /favicon.ico - ::1
[2026-07-08 19:59:00] info: GET /login.html - ::1
[2026-07-08 19:59:00] info: GET /style.css - ::1
[2026-07-08 19:59:00] info: GET /icon.css - ::1
[2026-07-08 19:59:00] info: GET /api.js - ::1
[2026-07-08 19:59:00] info: GET /favicon.ico - ::1
[2026-07-08 20:20:00] info: 🚀 Server running on http://localhost:5000
[2026-07-08 20:20:01] info: ✅ PostgreSQL database connected successfully
[2026-07-08 20:20:21] info: 🚀 Server running on http://localhost:5000
[2026-07-08 20:20:21] info: ✅ PostgreSQL database connected successfully
[2026-07-08 20:20:34] info: GET / - ::1
[2026-07-08 20:20:34] info: GET /style.css - ::1
[2026-07-08 20:20:34] info: GET /icon.css - ::1
[2026-07-08 20:20:34] info: GET /api.js - ::1
[2026-07-08 20:20:34] info: GET /app.js - ::1
[2026-07-08 20:20:34] info: GET /login.html - ::1
[2026-07-08 20:20:34] info: GET /style.css - ::1
[2026-07-08 20:20:34] info: GET /icon.css - ::1
[2026-07-08 20:20:34] info: GET /api.js - ::1
[2026-07-08 20:20:35] info: GET /favicon.ico - ::1
[2026-07-08 20:21:02] info: POST /api/auth/login - ::1
[2026-07-08 20:21:02] info: User logged in: cbx (kalebmitiku55@gmail.com)
[2026-07-08 20:21:03] info: GET / - ::1
[2026-07-08 20:21:03] info: GET /style.css - ::1
[2026-07-08 20:21:03] info: GET /icon.css - ::1
[2026-07-08 20:21:03] info: GET /api.js - ::1
[2026-07-08 20:21:03] info: GET /app.js - ::1
[2026-07-08 20:21:03] info: GET /api/trades - ::1
[2026-07-08 20:21:03] debug: User cbx (1) authenticated
[2026-07-08 20:21:03] info: GET /favicon.ico - ::1
[2026-07-08 20:21:03] info: GET /api/trades/statistics - ::1
[2026-07-08 20:21:03] debug: User cbx (1) authenticated
[2026-07-08 20:21:10] info: GET /login.html - ::1
[2026-07-08 20:21:10] info: GET /style.css - ::1
[2026-07-08 20:21:10] info: GET /icon.css - ::1
[2026-07-08 20:21:10] info: GET /api.js - ::1
[2026-07-08 20:21:10] info: GET /favicon.ico - ::1
[2026-07-08 20:38:28] info: 🚀 Server running on http://localhost:5000
[2026-07-08 20:38:28] info: ✅ PostgreSQL database connected successfully
[2026-07-08 20:38:34] info: 🚀 Server running on http://localhost:5000
[2026-07-08 20:38:34] info: ✅ PostgreSQL database connected successfully
[2026-07-08 20:39:16] info: 🚀 Server running on http://localhost:5000
[2026-07-08 20:39:16] info: ✅ PostgreSQL database connected successfully
[2026-07-08 20:39:41] info: 🚀 Server running on http://localhost:5000
[2026-07-08 20:39:41] info: ✅ PostgreSQL database connected successfully
[2026-07-08 20:39:53] info: 🚀 Server running on http://localhost:5000
[2026-07-08 20:39:53] info: ✅ PostgreSQL database connected successfully
[2026-07-08 20:40:06] info: GET / - ::1
[2026-07-08 20:40:06] info: GET /style.css - ::1
[2026-07-08 20:40:06] info: GET /icon.css - ::1
[2026-07-08 20:40:06] info: GET /api.js - ::1
[2026-07-08 20:40:06] info: GET /app.js - ::1
[2026-07-08 20:40:07] info: GET /login.html - ::1
[2026-07-08 20:40:07] info: GET /style.css - ::1
[2026-07-08 20:40:07] info: GET /icon.css - ::1
[2026-07-08 20:40:07] info: GET /api.js - ::1
[2026-07-08 20:40:07] info: GET /favicon.ico - ::1
[2026-07-08 20:42:27] info: 🚀 Server running on http://localhost:5000
[2026-07-08 20:42:27] info: ✅ PostgreSQL database connected successfully
